{"/Users/brendanpotter/Documents/develop/Ranker/src/components/CurrentListView.tsx": {"path":"/Users/brendanpotter/Documents/develop/Ranker/src/components/CurrentListView.tsx","statementMap":{"0":{"start":{"line":22,"column":26},"end":{"line":22,"column":null}},"1":{"start":{"line":23,"column":32},"end":{"line":23,"column":null}},"2":{"start":{"line":24,"column":44},"end":{"line":24,"column":null}},"3":{"start":{"line":25,"column":30},"end":{"line":25,"column":null}},"4":{"start":{"line":27,"column":22},"end":{"line":27,"column":null}},"5":{"start":{"line":27,"column":46},"end":{"line":27,"column":74}},"6":{"start":{"line":29,"column":2},"end":{"line":35,"column":null}},"7":{"start":{"line":30,"column":4},"end":{"line":33,"column":null}},"8":{"start":{"line":37,"column":26},"end":{"line":37,"column":null}},"9":{"start":{"line":38,"column":19},"end":{"line":38,"column":null}},"10":{"start":{"line":39,"column":20},"end":{"line":39,"column":null}},"11":{"start":{"line":41,"column":24},"end":{"line":50,"column":null}},"12":{"start":{"line":42,"column":4},"end":{"line":49,"column":null}},"13":{"start":{"line":43,"column":6},"end":{"line":47,"column":null}},"14":{"start":{"line":48,"column":6},"end":{"line":48,"column":null}},"15":{"start":{"line":52,"column":25},"end":{"line":56,"column":null}},"16":{"start":{"line":53,"column":4},"end":{"line":55,"column":null}},"17":{"start":{"line":54,"column":6},"end":{"line":54,"column":null}},"18":{"start":{"line":58,"column":27},"end":{"line":66,"column":null}},"19":{"start":{"line":59,"column":4},"end":{"line":65,"column":null}},"20":{"start":{"line":60,"column":6},"end":{"line":64,"column":null}},"21":{"start":{"line":68,"column":29},"end":{"line":75,"column":null}},"22":{"start":{"line":69,"column":4},"end":{"line":74,"column":null}},"23":{"start":{"line":70,"column":6},"end":{"line":73,"column":null}},"24":{"start":{"line":77,"column":22},"end":{"line":82,"column":null}},"25":{"start":{"line":78,"column":10},"end":{"line":78,"column":null}},"26":{"start":{"line":79,"column":10},"end":{"line":79,"column":null}},"27":{"start":{"line":80,"column":4},"end":{"line":80,"column":null}},"28":{"start":{"line":81,"column":4},"end":{"line":81,"column":null}},"29":{"start":{"line":84,"column":27},"end":{"line":92,"column":null}},"30":{"start":{"line":85,"column":4},"end":{"line":91,"column":null}},"31":{"start":{"line":86,"column":6},"end":{"line":90,"column":null}},"32":{"start":{"line":95,"column":26},"end":{"line":95,"column":null}},"33":{"start":{"line":97,"column":2},"end":{"line":213,"column":null}},"34":{"start":{"line":123,"column":29},"end":{"line":123,"column":null}},"35":{"start":{"line":143,"column":14},"end":{"line":168,"column":null}},"36":{"start":{"line":148,"column":35},"end":{"line":148,"column":null}},"37":{"start":{"line":209,"column":23},"end":{"line":209,"column":null}}},"fnMap":{"0":{"name":"CurrentListView","decl":{"start":{"line":21,"column":16},"end":{"line":21,"column":34}},"loc":{"start":{"line":21,"column":34},"end":{"line":215,"column":null}},"line":21},"1":{"name":"(anonymous_1)","decl":{"start":{"line":27,"column":39},"end":{"line":27,"column":40}},"loc":{"start":{"line":27,"column":46},"end":{"line":27,"column":74}},"line":27},"2":{"name":"(anonymous_2)","decl":{"start":{"line":41,"column":24},"end":{"line":41,"column":30}},"loc":{"start":{"line":41,"column":30},"end":{"line":50,"column":null}},"line":41},"3":{"name":"(anonymous_3)","decl":{"start":{"line":52,"column":25},"end":{"line":52,"column":26}},"loc":{"start":{"line":52,"column":53},"end":{"line":56,"column":null}},"line":52},"4":{"name":"(anonymous_4)","decl":{"start":{"line":58,"column":27},"end":{"line":58,"column":28}},"loc":{"start":{"line":58,"column":47},"end":{"line":66,"column":null}},"line":58},"5":{"name":"(anonymous_5)","decl":{"start":{"line":68,"column":29},"end":{"line":68,"column":35}},"loc":{"start":{"line":68,"column":35},"end":{"line":75,"column":null}},"line":68},"6":{"name":"(anonymous_6)","decl":{"start":{"line":77,"column":22},"end":{"line":77,"column":28}},"loc":{"start":{"line":77,"column":28},"end":{"line":82,"column":null}},"line":77},"7":{"name":"(anonymous_7)","decl":{"start":{"line":84,"column":27},"end":{"line":84,"column":28}},"loc":{"start":{"line":84,"column":71},"end":{"line":92,"column":null}},"line":84},"8":{"name":"(anonymous_8)","decl":{"start":{"line":123,"column":22},"end":{"line":123,"column":23}},"loc":{"start":{"line":123,"column":29},"end":{"line":123,"column":null}},"line":123},"9":{"name":"(anonymous_9)","decl":{"start":{"line":142,"column":35},"end":{"line":142,"column":36}},"loc":{"start":{"line":143,"column":14},"end":{"line":168,"column":null}},"line":143},"10":{"name":"(anonymous_10)","decl":{"start":{"line":148,"column":29},"end":{"line":148,"column":35}},"loc":{"start":{"line":148,"column":35},"end":{"line":148,"column":null}},"line":148},"11":{"name":"(anonymous_11)","decl":{"start":{"line":209,"column":17},"end":{"line":209,"column":23}},"loc":{"start":{"line":209,"column":23},"end":{"line":209,"column":null}},"line":209}},"branchMap":{"0":{"loc":{"start":{"line":29,"column":2},"end":{"line":35,"column":null}},"type":"if","locations":[{"start":{"line":29,"column":2},"end":{"line":35,"column":null}},{"start":{},"end":{}}],"line":29},"1":{"loc":{"start":{"line":42,"column":4},"end":{"line":49,"column":null}},"type":"if","locations":[{"start":{"line":42,"column":4},"end":{"line":49,"column":null}},{"start":{},"end":{}}],"line":42},"2":{"loc":{"start":{"line":42,"column":8},"end":{"line":42,"column":49}},"type":"binary-expr","locations":[{"start":{"line":42,"column":8},"end":{"line":42,"column":28}},{"start":{"line":42,"column":28},"end":{"line":42,"column":49}}],"line":42},"3":{"loc":{"start":{"line":53,"column":4},"end":{"line":55,"column":null}},"type":"if","locations":[{"start":{"line":53,"column":4},"end":{"line":55,"column":null}},{"start":{},"end":{}}],"line":53},"4":{"loc":{"start":{"line":59,"column":4},"end":{"line":65,"column":null}},"type":"if","locations":[{"start":{"line":59,"column":4},"end":{"line":65,"column":null}},{"start":{},"end":{}}],"line":59},"5":{"loc":{"start":{"line":69,"column":4},"end":{"line":74,"column":null}},"type":"if","locations":[{"start":{"line":69,"column":4},"end":{"line":74,"column":null}},{"start":{},"end":{}}],"line":69},"6":{"loc":{"start":{"line":85,"column":4},"end":{"line":91,"column":null}},"type":"if","locations":[{"start":{"line":85,"column":4},"end":{"line":91,"column":null}},{"start":{},"end":{}}],"line":85},"7":{"loc":{"start":{"line":99,"column":7},"end":{"line":102,"column":null}},"type":"binary-expr","locations":[{"start":{"line":99,"column":7},"end":{"line":99,"column":null}},{"start":{"line":100,"column":8},"end":{"line":102,"column":null}}],"line":99},"8":{"loc":{"start":{"line":131,"column":22},"end":{"line":131,"column":null}},"type":"binary-expr","locations":[{"start":{"line":131,"column":22},"end":{"line":131,"column":43}},{"start":{"line":131,"column":43},"end":{"line":131,"column":null}}],"line":131},"9":{"loc":{"start":{"line":139,"column":7},"end":{"line":177,"column":null}},"type":"cond-expr","locations":[{"start":{"line":140,"column":8},"end":{"line":171,"column":null}},{"start":{"line":173,"column":8},"end":{"line":177,"column":null}}],"line":139},"10":{"loc":{"start":{"line":201,"column":7},"end":{"line":204,"column":null}},"type":"binary-expr","locations":[{"start":{"line":201,"column":7},"end":{"line":201,"column":27}},{"start":{"line":201,"column":27},"end":{"line":201,"column":null}},{"start":{"line":202,"column":8},"end":{"line":204,"column":null}}],"line":201}},"s":{"0":119,"1":119,"2":119,"3":119,"4":119,"5":118,"6":119,"7":1,"8":118,"9":118,"10":118,"11":118,"12":8,"13":8,"14":8,"15":118,"16":70,"17":5,"18":118,"19":1,"20":1,"21":118,"22":1,"23":1,"24":118,"25":4,"26":4,"27":4,"28":4,"29":118,"30":9,"31":9,"32":118,"33":118,"34":65,"35":208,"36":1,"37":1},"f":{"0":119,"1":118,"2":8,"3":70,"4":1,"5":1,"6":4,"7":9,"8":65,"9":208,"10":1,"11":1},"b":{"0":[1,118],"1":[8,0],"2":[8,8],"3":[5,65],"4":[1,0],"5":[1,0],"6":[9,0],"7":[118,1],"8":[119,63],"9":[110,8],"10":[119,25,17]},"meta":{"lastBranch":11,"lastFunction":12,"lastStatement":38,"seen":{"f:21:16:21:34":0,"s:22:26:22:Infinity":0,"s:23:32:23:Infinity":1,"s:24:44:24:Infinity":2,"s:25:30:25:Infinity":3,"s:27:22:27:Infinity":4,"f:27:39:27:40":1,"s:27:46:27:74":5,"b:29:2:35:Infinity:undefined:undefined:undefined:undefined":0,"s:29:2:35:Infinity":6,"s:30:4:33:Infinity":7,"s:37:26:37:Infinity":8,"s:38:19:38:Infinity":9,"s:39:20:39:Infinity":10,"s:41:24:50:Infinity":11,"f:41:24:41:30":2,"b:42:4:49:Infinity:undefined:undefined:undefined:undefined":1,"s:42:4:49:Infinity":12,"b:42:8:42:28:42:28:42:49":2,"s:43:6:47:Infinity":13,"s:48:6:48:Infinity":14,"s:52:25:56:Infinity":15,"f:52:25:52:26":3,"b:53:4:55:Infinity:undefined:undefined:undefined:undefined":3,"s:53:4:55:Infinity":16,"s:54:6:54:Infinity":17,"s:58:27:66:Infinity":18,"f:58:27:58:28":4,"b:59:4:65:Infinity:undefined:undefined:undefined:undefined":4,"s:59:4:65:Infinity":19,"s:60:6:64:Infinity":20,"s:68:29:75:Infinity":21,"f:68:29:68:35":5,"b:69:4:74:Infinity:undefined:undefined:undefined:undefined":5,"s:69:4:74:Infinity":22,"s:70:6:73:Infinity":23,"s:77:22:82:Infinity":24,"f:77:22:77:28":6,"s:78:10:78:Infinity":25,"s:79:10:79:Infinity":26,"s:80:4:80:Infinity":27,"s:81:4:81:Infinity":28,"s:84:27:92:Infinity":29,"f:84:27:84:28":7,"b:85:4:91:Infinity:undefined:undefined:undefined:undefined":6,"s:85:4:91:Infinity":30,"s:86:6:90:Infinity":31,"s:95:26:95:Infinity":32,"s:97:2:213:Infinity":33,"b:99:7:99:Infinity:100:8:102:Infinity":7,"f:123:22:123:23":8,"s:123:29:123:Infinity":34,"b:131:22:131:43:131:43:131:Infinity":8,"b:140:8:171:Infinity:173:8:177:Infinity":9,"f:142:35:142:36":9,"s:143:14:168:Infinity":35,"f:148:29:148:35":10,"s:148:35:148:Infinity":36,"b:201:7:201:27:201:27:201:Infinity:202:8:204:Infinity":10,"f:209:17:209:23":11,"s:209:23:209:Infinity":37}}}
,"/Users/brendanpotter/Documents/develop/Ranker/src/components/MyListsView.tsx": {"path":"/Users/brendanpotter/Documents/develop/Ranker/src/components/MyListsView.tsx","statementMap":{"0":{"start":{"line":25,"column":26},"end":{"line":25,"column":null}},"1":{"start":{"line":26,"column":46},"end":{"line":26,"column":null}},"2":{"start":{"line":27,"column":38},"end":{"line":27,"column":null}},"3":{"start":{"line":29,"column":27},"end":{"line":31,"column":null}},"4":{"start":{"line":30,"column":4},"end":{"line":30,"column":null}},"5":{"start":{"line":33,"column":24},"end":{"line":35,"column":null}},"6":{"start":{"line":34,"column":4},"end":{"line":34,"column":null}},"7":{"start":{"line":37,"column":28},"end":{"line":41,"column":null}},"8":{"start":{"line":38,"column":4},"end":{"line":38,"column":null}},"9":{"start":{"line":39,"column":4},"end":{"line":39,"column":null}},"10":{"start":{"line":40,"column":4},"end":{"line":40,"column":null}},"11":{"start":{"line":43,"column":24},"end":{"line":49,"column":null}},"12":{"start":{"line":44,"column":4},"end":{"line":48,"column":null}},"13":{"start":{"line":45,"column":6},"end":{"line":45,"column":null}},"14":{"start":{"line":46,"column":6},"end":{"line":46,"column":null}},"15":{"start":{"line":47,"column":6},"end":{"line":47,"column":null}},"16":{"start":{"line":51,"column":25},"end":{"line":55,"column":null}},"17":{"start":{"line":52,"column":4},"end":{"line":52,"column":null}},"18":{"start":{"line":52,"column":34},"end":{"line":52,"column":null}},"19":{"start":{"line":53,"column":4},"end":{"line":53,"column":null}},"20":{"start":{"line":53,"column":35},"end":{"line":53,"column":null}},"21":{"start":{"line":54,"column":4},"end":{"line":54,"column":null}},"22":{"start":{"line":57,"column":25},"end":{"line":63,"column":null}},"23":{"start":{"line":60,"column":4},"end":{"line":60,"column":null}},"24":{"start":{"line":60,"column":34},"end":{"line":60,"column":null}},"25":{"start":{"line":61,"column":4},"end":{"line":61,"column":null}},"26":{"start":{"line":61,"column":35},"end":{"line":61,"column":null}},"27":{"start":{"line":62,"column":4},"end":{"line":62,"column":null}},"28":{"start":{"line":65,"column":24},"end":{"line":74,"column":null}},"29":{"start":{"line":66,"column":20},"end":{"line":66,"column":null}},"30":{"start":{"line":67,"column":4},"end":{"line":67,"column":null}},"31":{"start":{"line":67,"column":22},"end":{"line":67,"column":null}},"32":{"start":{"line":68,"column":20},"end":{"line":68,"column":null}},"33":{"start":{"line":69,"column":4},"end":{"line":69,"column":null}},"34":{"start":{"line":69,"column":22},"end":{"line":69,"column":null}},"35":{"start":{"line":70,"column":18},"end":{"line":70,"column":null}},"36":{"start":{"line":71,"column":4},"end":{"line":71,"column":null}},"37":{"start":{"line":71,"column":20},"end":{"line":71,"column":null}},"38":{"start":{"line":72,"column":17},"end":{"line":72,"column":null}},"39":{"start":{"line":73,"column":4},"end":{"line":73,"column":null}},"40":{"start":{"line":76,"column":2},"end":{"line":239,"column":null}},"41":{"start":{"line":113,"column":28},"end":{"line":113,"column":53}},"42":{"start":{"line":115,"column":14},"end":{"line":217,"column":null}},"43":{"start":{"line":125,"column":35},"end":{"line":125,"column":null}},"44":{"start":{"line":160,"column":42},"end":{"line":160,"column":null}},"45":{"start":{"line":222,"column":53},"end":{"line":222,"column":null}},"46":{"start":{"line":227,"column":27},"end":{"line":227,"column":null}},"47":{"start":{"line":227,"column":51},"end":{"line":227,"column":72}},"48":{"start":{"line":228,"column":14},"end":{"line":228,"column":null}},"49":{"start":{"line":233,"column":33},"end":{"line":233,"column":61}}},"fnMap":{"0":{"name":"MyListsView","decl":{"start":{"line":24,"column":16},"end":{"line":24,"column":30}},"loc":{"start":{"line":24,"column":30},"end":{"line":241,"column":null}},"line":24},"1":{"name":"(anonymous_1)","decl":{"start":{"line":29,"column":27},"end":{"line":29,"column":28}},"loc":{"start":{"line":29,"column":47},"end":{"line":31,"column":null}},"line":29},"2":{"name":"(anonymous_2)","decl":{"start":{"line":33,"column":24},"end":{"line":33,"column":30}},"loc":{"start":{"line":33,"column":30},"end":{"line":35,"column":null}},"line":33},"3":{"name":"(anonymous_3)","decl":{"start":{"line":37,"column":28},"end":{"line":37,"column":29}},"loc":{"start":{"line":37,"column":69},"end":{"line":41,"column":null}},"line":37},"4":{"name":"(anonymous_4)","decl":{"start":{"line":43,"column":24},"end":{"line":43,"column":30}},"loc":{"start":{"line":43,"column":30},"end":{"line":49,"column":null}},"line":43},"5":{"name":"(anonymous_5)","decl":{"start":{"line":51,"column":25},"end":{"line":51,"column":26}},"loc":{"start":{"line":51,"column":49},"end":{"line":55,"column":null}},"line":51},"6":{"name":"(anonymous_6)","decl":{"start":{"line":57,"column":25},"end":{"line":57,"column":null}},"loc":{"start":{"line":59,"column":54},"end":{"line":63,"column":null}},"line":59},"7":{"name":"(anonymous_7)","decl":{"start":{"line":65,"column":24},"end":{"line":65,"column":25}},"loc":{"start":{"line":65,"column":55},"end":{"line":74,"column":null}},"line":65},"8":{"name":"(anonymous_8)","decl":{"start":{"line":113,"column":18},"end":{"line":113,"column":19}},"loc":{"start":{"line":113,"column":28},"end":{"line":113,"column":53}},"line":113},"9":{"name":"(anonymous_9)","decl":{"start":{"line":114,"column":17},"end":{"line":114,"column":18}},"loc":{"start":{"line":115,"column":14},"end":{"line":217,"column":null}},"line":115},"10":{"name":"(anonymous_10)","decl":{"start":{"line":125,"column":29},"end":{"line":125,"column":35}},"loc":{"start":{"line":125,"column":35},"end":{"line":125,"column":null}},"line":125},"11":{"name":"(anonymous_11)","decl":{"start":{"line":160,"column":35},"end":{"line":160,"column":36}},"loc":{"start":{"line":160,"column":42},"end":{"line":160,"column":null}},"line":160},"12":{"name":"(anonymous_12)","decl":{"start":{"line":222,"column":47},"end":{"line":222,"column":53}},"loc":{"start":{"line":222,"column":53},"end":{"line":222,"column":null}},"line":222},"13":{"name":"(anonymous_13)","decl":{"start":{"line":226,"column":30},"end":{"line":226,"column":36}},"loc":{"start":{"line":226,"column":36},"end":{"line":229,"column":15}},"line":226},"14":{"name":"(anonymous_14)","decl":{"start":{"line":227,"column":44},"end":{"line":227,"column":45}},"loc":{"start":{"line":227,"column":51},"end":{"line":227,"column":72}},"line":227},"15":{"name":"(anonymous_15)","decl":{"start":{"line":233,"column":27},"end":{"line":233,"column":33}},"loc":{"start":{"line":233,"column":33},"end":{"line":233,"column":61}},"line":233}},"branchMap":{"0":{"loc":{"start":{"line":44,"column":4},"end":{"line":48,"column":null}},"type":"if","locations":[{"start":{"line":44,"column":4},"end":{"line":48,"column":null}},{"start":{},"end":{}}],"line":44},"1":{"loc":{"start":{"line":52,"column":4},"end":{"line":52,"column":null}},"type":"if","locations":[{"start":{"line":52,"column":4},"end":{"line":52,"column":null}},{"start":{},"end":{}}],"line":52},"2":{"loc":{"start":{"line":53,"column":4},"end":{"line":53,"column":null}},"type":"if","locations":[{"start":{"line":53,"column":4},"end":{"line":53,"column":null}},{"start":{},"end":{}}],"line":53},"3":{"loc":{"start":{"line":60,"column":4},"end":{"line":60,"column":null}},"type":"if","locations":[{"start":{"line":60,"column":4},"end":{"line":60,"column":null}},{"start":{},"end":{}}],"line":60},"4":{"loc":{"start":{"line":61,"column":4},"end":{"line":61,"column":null}},"type":"if","locations":[{"start":{"line":61,"column":4},"end":{"line":61,"column":null}},{"start":{},"end":{}}],"line":61},"5":{"loc":{"start":{"line":67,"column":4},"end":{"line":67,"column":null}},"type":"if","locations":[{"start":{"line":67,"column":4},"end":{"line":67,"column":null}},{"start":{},"end":{}}],"line":67},"6":{"loc":{"start":{"line":69,"column":4},"end":{"line":69,"column":null}},"type":"if","locations":[{"start":{"line":69,"column":4},"end":{"line":69,"column":null}},{"start":{},"end":{}}],"line":69},"7":{"loc":{"start":{"line":69,"column":49},"end":{"line":69,"column":71}},"type":"cond-expr","locations":[{"start":{"line":69,"column":63},"end":{"line":69,"column":69}},{"start":{"line":69,"column":69},"end":{"line":69,"column":71}}],"line":69},"8":{"loc":{"start":{"line":71,"column":4},"end":{"line":71,"column":null}},"type":"if","locations":[{"start":{"line":71,"column":4},"end":{"line":71,"column":null}},{"start":{},"end":{}}],"line":71},"9":{"loc":{"start":{"line":71,"column":43},"end":{"line":71,"column":63}},"type":"cond-expr","locations":[{"start":{"line":71,"column":55},"end":{"line":71,"column":61}},{"start":{"line":71,"column":61},"end":{"line":71,"column":63}}],"line":71},"10":{"loc":{"start":{"line":73,"column":25},"end":{"line":73,"column":44}},"type":"cond-expr","locations":[{"start":{"line":73,"column":36},"end":{"line":73,"column":42}},{"start":{"line":73,"column":42},"end":{"line":73,"column":44}}],"line":73},"11":{"loc":{"start":{"line":97,"column":7},"end":{"line":219,"column":null}},"type":"cond-expr","locations":[{"start":{"line":98,"column":8},"end":{"line":108,"column":null}},{"start":{"line":110,"column":8},"end":{"line":219,"column":null}}],"line":97},"12":{"loc":{"start":{"line":120,"column":22},"end":{"line":120,"column":null}},"type":"cond-expr","locations":[{"start":{"line":120,"column":56},"end":{"line":120,"column":60}},{"start":{"line":120,"column":60},"end":{"line":120,"column":null}}],"line":120},"13":{"loc":{"start":{"line":149,"column":29},"end":{"line":149,"column":null}},"type":"binary-expr","locations":[{"start":{"line":149,"column":29},"end":{"line":149,"column":42}},{"start":{"line":149,"column":42},"end":{"line":149,"column":null}}],"line":149},"14":{"loc":{"start":{"line":162,"column":33},"end":{"line":162,"column":null}},"type":"cond-expr","locations":[{"start":{"line":162,"column":60},"end":{"line":162,"column":93}},{"start":{"line":162,"column":93},"end":{"line":162,"column":null}}],"line":162},"15":{"loc":{"start":{"line":190,"column":28},"end":{"line":190,"column":null}},"type":"cond-expr","locations":[{"start":{"line":190,"column":54},"end":{"line":190,"column":60}},{"start":{"line":190,"column":60},"end":{"line":190,"column":null}}],"line":190},"16":{"loc":{"start":{"line":199,"column":28},"end":{"line":201,"column":null}},"type":"cond-expr","locations":[{"start":{"line":200,"column":30},"end":{"line":200,"column":null}},{"start":{"line":201,"column":32},"end":{"line":201,"column":null}}],"line":199},"17":{"loc":{"start":{"line":206,"column":23},"end":{"line":212,"column":null}},"type":"binary-expr","locations":[{"start":{"line":206,"column":23},"end":{"line":206,"column":null}},{"start":{"line":207,"column":24},"end":{"line":212,"column":null}}],"line":206},"18":{"loc":{"start":{"line":226,"column":13},"end":{"line":229,"column":null}},"type":"binary-expr","locations":[{"start":{"line":226,"column":13},"end":{"line":226,"column":30}},{"start":{"line":226,"column":13},"end":{"line":229,"column":null}}],"line":226},"19":{"loc":{"start":{"line":228,"column":57},"end":{"line":228,"column":86}},"type":"binary-expr","locations":[{"start":{"line":228,"column":57},"end":{"line":228,"column":71}},{"start":{"line":228,"column":71},"end":{"line":228,"column":86}}],"line":228}},"s":{"0":18,"1":18,"2":18,"3":18,"4":1,"5":18,"6":2,"7":18,"8":0,"9":0,"10":0,"11":18,"12":0,"13":0,"14":0,"15":0,"16":18,"17":27,"18":10,"19":17,"20":0,"21":17,"22":18,"23":27,"24":10,"25":17,"26":0,"27":17,"28":18,"29":27,"30":27,"31":27,"32":0,"33":0,"34":0,"35":0,"36":0,"37":0,"38":0,"39":0,"40":18,"41":12,"42":27,"43":1,"44":0,"45":0,"46":0,"47":0,"48":0,"49":0},"f":{"0":18,"1":1,"2":2,"3":0,"4":0,"5":27,"6":27,"7":27,"8":12,"9":27,"10":1,"11":0,"12":0,"13":0,"14":0,"15":0},"b":{"0":[0,0],"1":[10,17],"2":[0,17],"3":[10,17],"4":[0,17],"5":[27,0],"6":[0,0],"7":[0,0],"8":[0,0],"9":[0,0],"10":[0,0],"11":[2,15],"12":[13,14],"13":[27,3],"14":[4,23],"15":[17,10],"16":[10,17],"17":[27,13],"18":[18,0],"19":[0,0]},"meta":{"lastBranch":20,"lastFunction":16,"lastStatement":50,"seen":{"f:24:16:24:30":0,"s:25:26:25:Infinity":0,"s:26:46:26:Infinity":1,"s:27:38:27:Infinity":2,"s:29:27:31:Infinity":3,"f:29:27:29:28":1,"s:30:4:30:Infinity":4,"s:33:24:35:Infinity":5,"f:33:24:33:30":2,"s:34:4:34:Infinity":6,"s:37:28:41:Infinity":7,"f:37:28:37:29":3,"s:38:4:38:Infinity":8,"s:39:4:39:Infinity":9,"s:40:4:40:Infinity":10,"s:43:24:49:Infinity":11,"f:43:24:43:30":4,"b:44:4:48:Infinity:undefined:undefined:undefined:undefined":0,"s:44:4:48:Infinity":12,"s:45:6:45:Infinity":13,"s:46:6:46:Infinity":14,"s:47:6:47:Infinity":15,"s:51:25:55:Infinity":16,"f:51:25:51:26":5,"b:52:4:52:Infinity:undefined:undefined:undefined:undefined":1,"s:52:4:52:Infinity":17,"s:52:34:52:Infinity":18,"b:53:4:53:Infinity:undefined:undefined:undefined:undefined":2,"s:53:4:53:Infinity":19,"s:53:35:53:Infinity":20,"s:54:4:54:Infinity":21,"s:57:25:63:Infinity":22,"f:57:25:57:Infinity":6,"b:60:4:60:Infinity:undefined:undefined:undefined:undefined":3,"s:60:4:60:Infinity":23,"s:60:34:60:Infinity":24,"b:61:4:61:Infinity:undefined:undefined:undefined:undefined":4,"s:61:4:61:Infinity":25,"s:61:35:61:Infinity":26,"s:62:4:62:Infinity":27,"s:65:24:74:Infinity":28,"f:65:24:65:25":7,"s:66:20:66:Infinity":29,"b:67:4:67:Infinity:undefined:undefined:undefined:undefined":5,"s:67:4:67:Infinity":30,"s:67:22:67:Infinity":31,"s:68:20:68:Infinity":32,"b:69:4:69:Infinity:undefined:undefined:undefined:undefined":6,"s:69:4:69:Infinity":33,"s:69:22:69:Infinity":34,"b:69:63:69:69:69:69:69:71":7,"s:70:18:70:Infinity":35,"b:71:4:71:Infinity:undefined:undefined:undefined:undefined":8,"s:71:4:71:Infinity":36,"s:71:20:71:Infinity":37,"b:71:55:71:61:71:61:71:63":9,"s:72:17:72:Infinity":38,"s:73:4:73:Infinity":39,"b:73:36:73:42:73:42:73:44":10,"s:76:2:239:Infinity":40,"b:98:8:108:Infinity:110:8:219:Infinity":11,"f:113:18:113:19":8,"s:113:28:113:53":41,"f:114:17:114:18":9,"s:115:14:217:Infinity":42,"b:120:56:120:60:120:60:120:Infinity":12,"f:125:29:125:35":10,"s:125:35:125:Infinity":43,"b:149:29:149:42:149:42:149:Infinity":13,"f:160:35:160:36":11,"s:160:42:160:Infinity":44,"b:162:60:162:93:162:93:162:Infinity":14,"b:190:54:190:60:190:60:190:Infinity":15,"b:200:30:200:Infinity:201:32:201:Infinity":16,"b:206:23:206:Infinity:207:24:212:Infinity":17,"f:222:47:222:53":12,"s:222:53:222:Infinity":45,"b:226:13:226:30:226:13:229:Infinity":18,"f:226:30:226:36":13,"s:227:27:227:Infinity":46,"f:227:44:227:45":14,"s:227:51:227:72":47,"s:228:14:228:Infinity":48,"b:228:57:228:71:228:71:228:86":19,"f:233:27:233:33":15,"s:233:33:233:61":49}}}
,"/Users/brendanpotter/Documents/develop/Ranker/src/components/RankedResultView.tsx": {"path":"/Users/brendanpotter/Documents/develop/Ranker/src/components/RankedResultView.tsx","statementMap":{"0":{"start":{"line":27,"column":26},"end":{"line":27,"column":null}},"1":{"start":{"line":28,"column":44},"end":{"line":28,"column":null}},"2":{"start":{"line":29,"column":30},"end":{"line":29,"column":null}},"3":{"start":{"line":30,"column":46},"end":{"line":30,"column":null}},"4":{"start":{"line":31,"column":38},"end":{"line":31,"column":null}},"5":{"start":{"line":33,"column":22},"end":{"line":33,"column":null}},"6":{"start":{"line":33,"column":46},"end":{"line":33,"column":74}},"7":{"start":{"line":35,"column":2},"end":{"line":41,"column":null}},"8":{"start":{"line":36,"column":4},"end":{"line":39,"column":null}},"9":{"start":{"line":43,"column":22},"end":{"line":45,"column":null}},"10":{"start":{"line":44,"column":4},"end":{"line":44,"column":null}},"11":{"start":{"line":44,"column":37},"end":{"line":44,"column":51}},"12":{"start":{"line":47,"column":22},"end":{"line":52,"column":null}},"13":{"start":{"line":48,"column":10},"end":{"line":48,"column":null}},"14":{"start":{"line":49,"column":10},"end":{"line":49,"column":null}},"15":{"start":{"line":50,"column":4},"end":{"line":50,"column":null}},"16":{"start":{"line":51,"column":4},"end":{"line":51,"column":null}},"17":{"start":{"line":54,"column":23},"end":{"line":61,"column":null}},"18":{"start":{"line":55,"column":4},"end":{"line":60,"column":null}},"19":{"start":{"line":56,"column":6},"end":{"line":59,"column":null}},"20":{"start":{"line":63,"column":27},"end":{"line":65,"column":null}},"21":{"start":{"line":64,"column":4},"end":{"line":64,"column":null}},"22":{"start":{"line":67,"column":24},"end":{"line":76,"column":null}},"23":{"start":{"line":68,"column":4},"end":{"line":75,"column":null}},"24":{"start":{"line":69,"column":6},"end":{"line":73,"column":null}},"25":{"start":{"line":74,"column":6},"end":{"line":74,"column":null}},"26":{"start":{"line":78,"column":25},"end":{"line":82,"column":null}},"27":{"start":{"line":79,"column":4},"end":{"line":81,"column":null}},"28":{"start":{"line":80,"column":6},"end":{"line":80,"column":null}},"29":{"start":{"line":84,"column":35},"end":{"line":92,"column":null}},"30":{"start":{"line":85,"column":4},"end":{"line":91,"column":null}},"31":{"start":{"line":86,"column":6},"end":{"line":90,"column":null}},"32":{"start":{"line":94,"column":28},"end":{"line":104,"column":null}},"33":{"start":{"line":95,"column":26},"end":{"line":95,"column":null}},"34":{"start":{"line":97,"column":4},"end":{"line":103,"column":null}},"35":{"start":{"line":99,"column":6},"end":{"line":99,"column":null}},"36":{"start":{"line":100,"column":4},"end":{"line":103,"column":null}},"37":{"start":{"line":102,"column":6},"end":{"line":102,"column":null}},"38":{"start":{"line":106,"column":31},"end":{"line":113,"column":null}},"39":{"start":{"line":107,"column":4},"end":{"line":112,"column":null}},"40":{"start":{"line":108,"column":6},"end":{"line":111,"column":null}},"41":{"start":{"line":115,"column":35},"end":{"line":123,"column":null}},"42":{"start":{"line":116,"column":4},"end":{"line":122,"column":null}},"43":{"start":{"line":118,"column":6},"end":{"line":121,"column":null}},"44":{"start":{"line":126,"column":26},"end":{"line":126,"column":null}},"45":{"start":{"line":128,"column":27},"end":{"line":128,"column":null}},"46":{"start":{"line":130,"column":24},"end":{"line":141,"column":null}},"47":{"start":{"line":131,"column":4},"end":{"line":140,"column":null}},"48":{"start":{"line":133,"column":8},"end":{"line":133,"column":null}},"49":{"start":{"line":135,"column":8},"end":{"line":135,"column":null}},"50":{"start":{"line":137,"column":8},"end":{"line":137,"column":null}},"51":{"start":{"line":139,"column":8},"end":{"line":139,"column":null}},"52":{"start":{"line":143,"column":2},"end":{"line":321,"column":null}},"53":{"start":{"line":164,"column":12},"end":{"line":164,"column":null}},"54":{"start":{"line":164,"column":23},"end":{"line":164,"column":null}},"55":{"start":{"line":165,"column":31},"end":{"line":165,"column":null}},"56":{"start":{"line":167,"column":12},"end":{"line":202,"column":null}},"57":{"start":{"line":218,"column":29},"end":{"line":218,"column":null}},"58":{"start":{"line":240,"column":16},"end":{"line":262,"column":null}},"59":{"start":{"line":250,"column":37},"end":{"line":250,"column":null}},"60":{"start":{"line":309,"column":23},"end":{"line":309,"column":null}},"61":{"start":{"line":316,"column":23},"end":{"line":316,"column":null}}},"fnMap":{"0":{"name":"RankedResultView","decl":{"start":{"line":26,"column":16},"end":{"line":26,"column":35}},"loc":{"start":{"line":26,"column":35},"end":{"line":323,"column":null}},"line":26},"1":{"name":"(anonymous_1)","decl":{"start":{"line":33,"column":39},"end":{"line":33,"column":40}},"loc":{"start":{"line":33,"column":46},"end":{"line":33,"column":74}},"line":33},"2":{"name":"(anonymous_2)","decl":{"start":{"line":43,"column":64},"end":{"line":43,"column":65}},"loc":{"start":{"line":44,"column":4},"end":{"line":44,"column":null}},"line":44},"3":{"name":"(anonymous_3)","decl":{"start":{"line":44,"column":27},"end":{"line":44,"column":28}},"loc":{"start":{"line":44,"column":37},"end":{"line":44,"column":51}},"line":44},"4":{"name":"(anonymous_4)","decl":{"start":{"line":47,"column":22},"end":{"line":47,"column":28}},"loc":{"start":{"line":47,"column":28},"end":{"line":52,"column":null}},"line":47},"5":{"name":"(anonymous_5)","decl":{"start":{"line":54,"column":23},"end":{"line":54,"column":29}},"loc":{"start":{"line":54,"column":29},"end":{"line":61,"column":null}},"line":54},"6":{"name":"(anonymous_6)","decl":{"start":{"line":63,"column":27},"end":{"line":63,"column":33}},"loc":{"start":{"line":63,"column":33},"end":{"line":65,"column":null}},"line":63},"7":{"name":"(anonymous_7)","decl":{"start":{"line":67,"column":24},"end":{"line":67,"column":30}},"loc":{"start":{"line":67,"column":30},"end":{"line":76,"column":null}},"line":67},"8":{"name":"(anonymous_8)","decl":{"start":{"line":78,"column":25},"end":{"line":78,"column":26}},"loc":{"start":{"line":78,"column":53},"end":{"line":82,"column":null}},"line":78},"9":{"name":"(anonymous_9)","decl":{"start":{"line":84,"column":35},"end":{"line":84,"column":36}},"loc":{"start":{"line":84,"column":55},"end":{"line":92,"column":null}},"line":84},"10":{"name":"(anonymous_10)","decl":{"start":{"line":94,"column":28},"end":{"line":94,"column":34}},"loc":{"start":{"line":94,"column":34},"end":{"line":104,"column":null}},"line":94},"11":{"name":"(anonymous_11)","decl":{"start":{"line":106,"column":31},"end":{"line":106,"column":37}},"loc":{"start":{"line":106,"column":37},"end":{"line":113,"column":null}},"line":106},"12":{"name":"(anonymous_12)","decl":{"start":{"line":115,"column":35},"end":{"line":115,"column":41}},"loc":{"start":{"line":115,"column":41},"end":{"line":123,"column":null}},"line":115},"13":{"name":"(anonymous_13)","decl":{"start":{"line":130,"column":24},"end":{"line":130,"column":25}},"loc":{"start":{"line":130,"column":51},"end":{"line":141,"column":null}},"line":130},"14":{"name":"(anonymous_14)","decl":{"start":{"line":163,"column":27},"end":{"line":163,"column":28}},"loc":{"start":{"line":163,"column":44},"end":{"line":204,"column":11}},"line":163},"15":{"name":"(anonymous_15)","decl":{"start":{"line":218,"column":22},"end":{"line":218,"column":23}},"loc":{"start":{"line":218,"column":29},"end":{"line":218,"column":null}},"line":218},"16":{"name":"(anonymous_16)","decl":{"start":{"line":239,"column":46},"end":{"line":239,"column":47}},"loc":{"start":{"line":240,"column":16},"end":{"line":262,"column":null}},"line":240},"17":{"name":"(anonymous_17)","decl":{"start":{"line":250,"column":31},"end":{"line":250,"column":37}},"loc":{"start":{"line":250,"column":37},"end":{"line":250,"column":null}},"line":250},"18":{"name":"(anonymous_18)","decl":{"start":{"line":309,"column":17},"end":{"line":309,"column":23}},"loc":{"start":{"line":309,"column":23},"end":{"line":309,"column":null}},"line":309},"19":{"name":"(anonymous_19)","decl":{"start":{"line":316,"column":17},"end":{"line":316,"column":23}},"loc":{"start":{"line":316,"column":23},"end":{"line":316,"column":null}},"line":316}},"branchMap":{"0":{"loc":{"start":{"line":35,"column":2},"end":{"line":41,"column":null}},"type":"if","locations":[{"start":{"line":35,"column":2},"end":{"line":41,"column":null}},{"start":{},"end":{}}],"line":35},"1":{"loc":{"start":{"line":35,"column":6},"end":{"line":35,"column":47}},"type":"binary-expr","locations":[{"start":{"line":35,"column":6},"end":{"line":35,"column":22}},{"start":{"line":35,"column":22},"end":{"line":35,"column":47}}],"line":35},"2":{"loc":{"start":{"line":55,"column":4},"end":{"line":60,"column":null}},"type":"if","locations":[{"start":{"line":55,"column":4},"end":{"line":60,"column":null}},{"start":{},"end":{}}],"line":55},"3":{"loc":{"start":{"line":68,"column":4},"end":{"line":75,"column":null}},"type":"if","locations":[{"start":{"line":68,"column":4},"end":{"line":75,"column":null}},{"start":{},"end":{}}],"line":68},"4":{"loc":{"start":{"line":68,"column":8},"end":{"line":68,"column":52}},"type":"binary-expr","locations":[{"start":{"line":68,"column":8},"end":{"line":68,"column":31}},{"start":{"line":68,"column":31},"end":{"line":68,"column":52}}],"line":68},"5":{"loc":{"start":{"line":79,"column":4},"end":{"line":81,"column":null}},"type":"if","locations":[{"start":{"line":79,"column":4},"end":{"line":81,"column":null}},{"start":{},"end":{}}],"line":79},"6":{"loc":{"start":{"line":85,"column":4},"end":{"line":91,"column":null}},"type":"if","locations":[{"start":{"line":85,"column":4},"end":{"line":91,"column":null}},{"start":{},"end":{}}],"line":85},"7":{"loc":{"start":{"line":95,"column":26},"end":{"line":95,"column":null}},"type":"binary-expr","locations":[{"start":{"line":95,"column":26},"end":{"line":95,"column":63}},{"start":{"line":95,"column":63},"end":{"line":95,"column":null}}],"line":95},"8":{"loc":{"start":{"line":97,"column":4},"end":{"line":103,"column":null}},"type":"if","locations":[{"start":{"line":97,"column":4},"end":{"line":103,"column":null}},{"start":{"line":100,"column":4},"end":{"line":103,"column":null}}],"line":97},"9":{"loc":{"start":{"line":100,"column":4},"end":{"line":103,"column":null}},"type":"if","locations":[{"start":{"line":100,"column":4},"end":{"line":103,"column":null}},{"start":{},"end":{}}],"line":100},"10":{"loc":{"start":{"line":107,"column":4},"end":{"line":112,"column":null}},"type":"if","locations":[{"start":{"line":107,"column":4},"end":{"line":112,"column":null}},{"start":{},"end":{}}],"line":107},"11":{"loc":{"start":{"line":116,"column":4},"end":{"line":122,"column":null}},"type":"if","locations":[{"start":{"line":116,"column":4},"end":{"line":122,"column":null}},{"start":{},"end":{}}],"line":116},"12":{"loc":{"start":{"line":116,"column":8},"end":{"line":116,"column":44}},"type":"binary-expr","locations":[{"start":{"line":116,"column":8},"end":{"line":116,"column":31}},{"start":{"line":116,"column":31},"end":{"line":116,"column":44}}],"line":116},"13":{"loc":{"start":{"line":128,"column":27},"end":{"line":128,"column":null}},"type":"binary-expr","locations":[{"start":{"line":128,"column":27},"end":{"line":128,"column":56}},{"start":{"line":128,"column":56},"end":{"line":128,"column":null}}],"line":128},"14":{"loc":{"start":{"line":131,"column":4},"end":{"line":140,"column":null}},"type":"switch","locations":[{"start":{"line":132,"column":6},"end":{"line":133,"column":null}},{"start":{"line":134,"column":6},"end":{"line":135,"column":null}},{"start":{"line":136,"column":6},"end":{"line":137,"column":null}},{"start":{"line":138,"column":6},"end":{"line":139,"column":null}}],"line":131},"15":{"loc":{"start":{"line":145,"column":7},"end":{"line":148,"column":null}},"type":"binary-expr","locations":[{"start":{"line":145,"column":7},"end":{"line":145,"column":null}},{"start":{"line":146,"column":8},"end":{"line":148,"column":null}}],"line":145},"16":{"loc":{"start":{"line":155,"column":13},"end":{"line":155,"column":null}},"type":"binary-expr","locations":[{"start":{"line":155,"column":13},"end":{"line":155,"column":33}},{"start":{"line":155,"column":33},"end":{"line":155,"column":null}}],"line":155},"17":{"loc":{"start":{"line":164,"column":12},"end":{"line":164,"column":null}},"type":"if","locations":[{"start":{"line":164,"column":12},"end":{"line":164,"column":null}},{"start":{},"end":{}}],"line":164},"18":{"loc":{"start":{"line":171,"column":30},"end":{"line":171,"column":null}},"type":"cond-expr","locations":[{"start":{"line":171,"column":61},"end":{"line":171,"column":65}},{"start":{"line":171,"column":65},"end":{"line":171,"column":null}}],"line":171},"19":{"loc":{"start":{"line":174,"column":20},"end":{"line":176,"column":null}},"type":"cond-expr","locations":[{"start":{"line":175,"column":24},"end":{"line":175,"column":null}},{"start":{"line":176,"column":24},"end":{"line":176,"column":null}}],"line":174},"20":{"loc":{"start":{"line":186,"column":38},"end":{"line":186,"column":null}},"type":"cond-expr","locations":[{"start":{"line":186,"column":50},"end":{"line":186,"column":59}},{"start":{"line":186,"column":59},"end":{"line":186,"column":null}}],"line":186},"21":{"loc":{"start":{"line":194,"column":38},"end":{"line":194,"column":null}},"type":"cond-expr","locations":[{"start":{"line":194,"column":50},"end":{"line":194,"column":59}},{"start":{"line":194,"column":59},"end":{"line":194,"column":null}}],"line":194},"22":{"loc":{"start":{"line":233,"column":9},"end":{"line":276,"column":null}},"type":"binary-expr","locations":[{"start":{"line":233,"column":9},"end":{"line":233,"column":null}},{"start":{"line":234,"column":10},"end":{"line":276,"column":null}}],"line":233},"23":{"loc":{"start":{"line":274,"column":15},"end":{"line":274,"column":null}},"type":"cond-expr","locations":[{"start":{"line":274,"column":55},"end":{"line":274,"column":61}},{"start":{"line":274,"column":61},"end":{"line":274,"column":null}}],"line":274},"24":{"loc":{"start":{"line":317,"column":19},"end":{"line":317,"column":null}},"type":"binary-expr","locations":[{"start":{"line":317,"column":19},"end":{"line":317,"column":56}},{"start":{"line":317,"column":56},"end":{"line":317,"column":null}}],"line":317}},"s":{"0":194,"1":194,"2":194,"3":194,"4":194,"5":194,"6":193,"7":194,"8":2,"9":192,"10":574,"11":1147,"12":192,"13":4,"14":4,"15":4,"16":4,"17":192,"18":0,"19":0,"20":192,"21":0,"22":192,"23":18,"24":18,"25":18,"26":192,"27":151,"28":15,"29":192,"30":2,"31":2,"32":192,"33":2,"34":2,"35":1,"36":1,"37":1,"38":192,"39":1,"40":1,"41":192,"42":0,"43":0,"44":192,"45":192,"46":194,"47":574,"48":192,"49":191,"50":191,"51":0,"52":194,"53":574,"54":0,"55":574,"56":574,"57":136,"58":74,"59":2,"60":1,"61":0},"f":{"0":194,"1":193,"2":574,"3":1147,"4":4,"5":0,"6":0,"7":18,"8":151,"9":2,"10":2,"11":1,"12":0,"13":574,"14":574,"15":136,"16":74,"17":2,"18":1,"19":0},"b":{"0":[2,192],"1":[194,193],"2":[0,0],"3":[18,0],"4":[18,18],"5":[15,136],"6":[2,0],"7":[2,0],"8":[1,1],"9":[1,0],"10":[1,0],"11":[0,0],"12":[0,0],"13":[192,61],"14":[192,191,191,0],"15":[194,1],"16":[194,1],"17":[0,574],"18":[574,0],"19":[574,0],"20":[574,0],"21":[574,0],"22":[194,60],"23":[13,47],"24":[194,132]},"meta":{"lastBranch":25,"lastFunction":20,"lastStatement":62,"seen":{"f:26:16:26:35":0,"s:27:26:27:Infinity":0,"s:28:44:28:Infinity":1,"s:29:30:29:Infinity":2,"s:30:46:30:Infinity":3,"s:31:38:31:Infinity":4,"s:33:22:33:Infinity":5,"f:33:39:33:40":1,"s:33:46:33:74":6,"b:35:2:41:Infinity:undefined:undefined:undefined:undefined":0,"s:35:2:41:Infinity":7,"b:35:6:35:22:35:22:35:47":1,"s:36:4:39:Infinity":8,"s:43:22:45:Infinity":9,"f:43:64:43:65":2,"s:44:4:44:Infinity":10,"f:44:27:44:28":3,"s:44:37:44:51":11,"s:47:22:52:Infinity":12,"f:47:22:47:28":4,"s:48:10:48:Infinity":13,"s:49:10:49:Infinity":14,"s:50:4:50:Infinity":15,"s:51:4:51:Infinity":16,"s:54:23:61:Infinity":17,"f:54:23:54:29":5,"b:55:4:60:Infinity:undefined:undefined:undefined:undefined":2,"s:55:4:60:Infinity":18,"s:56:6:59:Infinity":19,"s:63:27:65:Infinity":20,"f:63:27:63:33":6,"s:64:4:64:Infinity":21,"s:67:24:76:Infinity":22,"f:67:24:67:30":7,"b:68:4:75:Infinity:undefined:undefined:undefined:undefined":3,"s:68:4:75:Infinity":23,"b:68:8:68:31:68:31:68:52":4,"s:69:6:73:Infinity":24,"s:74:6:74:Infinity":25,"s:78:25:82:Infinity":26,"f:78:25:78:26":8,"b:79:4:81:Infinity:undefined:undefined:undefined:undefined":5,"s:79:4:81:Infinity":27,"s:80:6:80:Infinity":28,"s:84:35:92:Infinity":29,"f:84:35:84:36":9,"b:85:4:91:Infinity:undefined:undefined:undefined:undefined":6,"s:85:4:91:Infinity":30,"s:86:6:90:Infinity":31,"s:94:28:104:Infinity":32,"f:94:28:94:34":10,"s:95:26:95:Infinity":33,"b:95:26:95:63:95:63:95:Infinity":7,"b:97:4:103:Infinity:100:4:103:Infinity":8,"s:97:4:103:Infinity":34,"s:99:6:99:Infinity":35,"b:100:4:103:Infinity:undefined:undefined:undefined:undefined":9,"s:100:4:103:Infinity":36,"s:102:6:102:Infinity":37,"s:106:31:113:Infinity":38,"f:106:31:106:37":11,"b:107:4:112:Infinity:undefined:undefined:undefined:undefined":10,"s:107:4:112:Infinity":39,"s:108:6:111:Infinity":40,"s:115:35:123:Infinity":41,"f:115:35:115:41":12,"b:116:4:122:Infinity:undefined:undefined:undefined:undefined":11,"s:116:4:122:Infinity":42,"b:116:8:116:31:116:31:116:44":12,"s:118:6:121:Infinity":43,"s:126:26:126:Infinity":44,"s:128:27:128:Infinity":45,"b:128:27:128:56:128:56:128:Infinity":13,"s:130:24:141:Infinity":46,"f:130:24:130:25":13,"b:132:6:133:Infinity:134:6:135:Infinity:136:6:137:Infinity:138:6:139:Infinity":14,"s:131:4:140:Infinity":47,"s:133:8:133:Infinity":48,"s:135:8:135:Infinity":49,"s:137:8:137:Infinity":50,"s:139:8:139:Infinity":51,"s:143:2:321:Infinity":52,"b:145:7:145:Infinity:146:8:148:Infinity":15,"b:155:13:155:33:155:33:155:Infinity":16,"f:163:27:163:28":14,"b:164:12:164:Infinity:undefined:undefined:undefined:undefined":17,"s:164:12:164:Infinity":53,"s:164:23:164:Infinity":54,"s:165:31:165:Infinity":55,"s:167:12:202:Infinity":56,"b:171:61:171:65:171:65:171:Infinity":18,"b:175:24:175:Infinity:176:24:176:Infinity":19,"b:186:50:186:59:186:59:186:Infinity":20,"b:194:50:194:59:194:59:194:Infinity":21,"f:218:22:218:23":15,"s:218:29:218:Infinity":57,"b:233:9:233:Infinity:234:10:276:Infinity":22,"f:239:46:239:47":16,"s:240:16:262:Infinity":58,"f:250:31:250:37":17,"s:250:37:250:Infinity":59,"b:274:55:274:61:274:61:274:Infinity":23,"f:309:17:309:23":18,"s:309:23:309:Infinity":60,"f:316:17:316:23":19,"s:316:23:316:Infinity":61,"b:317:19:317:56:317:56:317:Infinity":24}}}
,"/Users/brendanpotter/Documents/develop/Ranker/src/components/RankingView.tsx": {"path":"/Users/brendanpotter/Documents/develop/Ranker/src/components/RankingView.tsx","statementMap":{"0":{"start":{"line":20,"column":26},"end":{"line":20,"column":null}},"1":{"start":{"line":21,"column":46},"end":{"line":21,"column":null}},"2":{"start":{"line":23,"column":22},"end":{"line":23,"column":null}},"3":{"start":{"line":23,"column":46},"end":{"line":23,"column":74}},"4":{"start":{"line":24,"column":23},"end":{"line":24,"column":null}},"5":{"start":{"line":26,"column":2},"end":{"line":32,"column":null}},"6":{"start":{"line":27,"column":4},"end":{"line":30,"column":null}},"7":{"start":{"line":34,"column":35},"end":{"line":34,"column":null}},"8":{"start":{"line":35,"column":24},"end":{"line":35,"column":null}},"9":{"start":{"line":35,"column":54},"end":{"line":35,"column":74}},"10":{"start":{"line":36,"column":24},"end":{"line":36,"column":null}},"11":{"start":{"line":36,"column":54},"end":{"line":36,"column":74}},"12":{"start":{"line":38,"column":24},"end":{"line":38,"column":null}},"13":{"start":{"line":40,"column":27},"end":{"line":40,"column":null}},"14":{"start":{"line":41,"column":8},"end":{"line":41,"column":null}},"15":{"start":{"line":43,"column":8},"end":{"line":48,"column":null}},"16":{"start":{"line":44,"column":4},"end":{"line":47,"column":null}},"17":{"start":{"line":50,"column":21},"end":{"line":52,"column":null}},"18":{"start":{"line":51,"column":4},"end":{"line":51,"column":null}},"19":{"start":{"line":54,"column":22},"end":{"line":57,"column":null}},"20":{"start":{"line":55,"column":4},"end":{"line":55,"column":null}},"21":{"start":{"line":56,"column":4},"end":{"line":56,"column":null}},"22":{"start":{"line":60,"column":2},"end":{"line":71,"column":null}},"23":{"start":{"line":61,"column":27},"end":{"line":67,"column":null}},"24":{"start":{"line":62,"column":6},"end":{"line":66,"column":null}},"25":{"start":{"line":63,"column":8},"end":{"line":63,"column":null}},"26":{"start":{"line":64,"column":6},"end":{"line":66,"column":null}},"27":{"start":{"line":65,"column":8},"end":{"line":65,"column":null}},"28":{"start":{"line":69,"column":4},"end":{"line":69,"column":null}},"29":{"start":{"line":70,"column":4},"end":{"line":70,"column":null}},"30":{"start":{"line":70,"column":17},"end":{"line":70,"column":null}},"31":{"start":{"line":73,"column":2},"end":{"line":79,"column":null}},"32":{"start":{"line":74,"column":4},"end":{"line":77,"column":null}},"33":{"start":{"line":81,"column":2},"end":{"line":231,"column":null}},"34":{"start":{"line":145,"column":25},"end":{"line":145,"column":null}},"35":{"start":{"line":194,"column":25},"end":{"line":194,"column":null}},"36":{"start":{"line":217,"column":51},"end":{"line":217,"column":null}},"37":{"start":{"line":225,"column":33},"end":{"line":225,"column":59}}},"fnMap":{"0":{"name":"RankingView","decl":{"start":{"line":19,"column":16},"end":{"line":19,"column":30}},"loc":{"start":{"line":19,"column":30},"end":{"line":233,"column":null}},"line":19},"1":{"name":"(anonymous_1)","decl":{"start":{"line":23,"column":39},"end":{"line":23,"column":40}},"loc":{"start":{"line":23,"column":46},"end":{"line":23,"column":74}},"line":23},"2":{"name":"(anonymous_2)","decl":{"start":{"line":35,"column":47},"end":{"line":35,"column":48}},"loc":{"start":{"line":35,"column":54},"end":{"line":35,"column":74}},"line":35},"3":{"name":"(anonymous_3)","decl":{"start":{"line":36,"column":47},"end":{"line":36,"column":48}},"loc":{"start":{"line":36,"column":54},"end":{"line":36,"column":74}},"line":36},"4":{"name":"(anonymous_4)","decl":{"start":{"line":43,"column":35},"end":{"line":43,"column":36}},"loc":{"start":{"line":43,"column":65},"end":{"line":48,"column":5}},"line":43},"5":{"name":"(anonymous_5)","decl":{"start":{"line":50,"column":21},"end":{"line":50,"column":27}},"loc":{"start":{"line":50,"column":27},"end":{"line":52,"column":null}},"line":50},"6":{"name":"(anonymous_6)","decl":{"start":{"line":54,"column":22},"end":{"line":54,"column":28}},"loc":{"start":{"line":54,"column":28},"end":{"line":57,"column":null}},"line":54},"7":{"name":"(anonymous_7)","decl":{"start":{"line":60,"column":12},"end":{"line":60,"column":18}},"loc":{"start":{"line":60,"column":18},"end":{"line":71,"column":5}},"line":60},"8":{"name":"(anonymous_8)","decl":{"start":{"line":61,"column":27},"end":{"line":61,"column":28}},"loc":{"start":{"line":61,"column":49},"end":{"line":67,"column":null}},"line":61},"9":{"name":"(anonymous_9)","decl":{"start":{"line":70,"column":11},"end":{"line":70,"column":17}},"loc":{"start":{"line":70,"column":17},"end":{"line":70,"column":null}},"line":70},"10":{"name":"(anonymous_10)","decl":{"start":{"line":145,"column":19},"end":{"line":145,"column":25}},"loc":{"start":{"line":145,"column":25},"end":{"line":145,"column":null}},"line":145},"11":{"name":"(anonymous_11)","decl":{"start":{"line":194,"column":19},"end":{"line":194,"column":25}},"loc":{"start":{"line":194,"column":25},"end":{"line":194,"column":null}},"line":194},"12":{"name":"(anonymous_12)","decl":{"start":{"line":217,"column":45},"end":{"line":217,"column":51}},"loc":{"start":{"line":217,"column":51},"end":{"line":217,"column":null}},"line":217},"13":{"name":"(anonymous_13)","decl":{"start":{"line":225,"column":27},"end":{"line":225,"column":33}},"loc":{"start":{"line":225,"column":33},"end":{"line":225,"column":59}},"line":225}},"branchMap":{"0":{"loc":{"start":{"line":26,"column":2},"end":{"line":32,"column":null}},"type":"if","locations":[{"start":{"line":26,"column":2},"end":{"line":32,"column":null}},{"start":{},"end":{}}],"line":26},"1":{"loc":{"start":{"line":26,"column":6},"end":{"line":26,"column":37}},"type":"binary-expr","locations":[{"start":{"line":26,"column":6},"end":{"line":26,"column":22}},{"start":{"line":26,"column":22},"end":{"line":26,"column":37}}],"line":26},"2":{"loc":{"start":{"line":62,"column":6},"end":{"line":66,"column":null}},"type":"if","locations":[{"start":{"line":62,"column":6},"end":{"line":66,"column":null}},{"start":{"line":64,"column":6},"end":{"line":66,"column":null}}],"line":62},"3":{"loc":{"start":{"line":64,"column":6},"end":{"line":66,"column":null}},"type":"if","locations":[{"start":{"line":64,"column":6},"end":{"line":66,"column":null}},{"start":{},"end":{}}],"line":64},"4":{"loc":{"start":{"line":73,"column":2},"end":{"line":79,"column":null}},"type":"if","locations":[{"start":{"line":73,"column":2},"end":{"line":79,"column":null}},{"start":{},"end":{}}],"line":73},"5":{"loc":{"start":{"line":73,"column":6},"end":{"line":73,"column":40}},"type":"binary-expr","locations":[{"start":{"line":73,"column":6},"end":{"line":73,"column":24}},{"start":{"line":73,"column":24},"end":{"line":73,"column":40}}],"line":73},"6":{"loc":{"start":{"line":105,"column":15},"end":{"line":105,"column":null}},"type":"cond-expr","locations":[{"start":{"line":105,"column":31},"end":{"line":105,"column":52}},{"start":{"line":105,"column":52},"end":{"line":105,"column":null}}],"line":105},"7":{"loc":{"start":{"line":105,"column":52},"end":{"line":105,"column":null}},"type":"binary-expr","locations":[{"start":{"line":105,"column":52},"end":{"line":105,"column":72}},{"start":{"line":105,"column":72},"end":{"line":105,"column":null}}],"line":105},"8":{"loc":{"start":{"line":108,"column":15},"end":{"line":110,"column":null}},"type":"cond-expr","locations":[{"start":{"line":109,"column":18},"end":{"line":109,"column":null}},{"start":{"line":110,"column":18},"end":{"line":110,"column":null}}],"line":108}},"s":{"0":28,"1":28,"2":28,"3":27,"4":28,"5":28,"6":2,"7":26,"8":26,"9":55,"10":26,"11":29,"12":26,"13":26,"14":26,"15":26,"16":2,"17":26,"18":3,"19":26,"20":0,"21":0,"22":26,"23":20,"24":2,"25":1,"26":1,"27":1,"28":20,"29":20,"30":20,"31":26,"32":1,"33":25,"34":0,"35":0,"36":0,"37":1},"f":{"0":28,"1":27,"2":55,"3":29,"4":2,"5":3,"6":0,"7":20,"8":2,"9":20,"10":0,"11":0,"12":0,"13":1},"b":{"0":[2,26],"1":[28,27],"2":[1,1],"3":[1,0],"4":[1,25],"5":[26,25],"6":[2,23],"7":[23,1],"8":[2,23]},"meta":{"lastBranch":9,"lastFunction":14,"lastStatement":38,"seen":{"f:19:16:19:30":0,"s:20:26:20:Infinity":0,"s:21:46:21:Infinity":1,"s:23:22:23:Infinity":2,"f:23:39:23:40":1,"s:23:46:23:74":3,"s:24:23:24:Infinity":4,"b:26:2:32:Infinity:undefined:undefined:undefined:undefined":0,"s:26:2:32:Infinity":5,"b:26:6:26:22:26:22:26:37":1,"s:27:4:30:Infinity":6,"s:34:35:34:Infinity":7,"s:35:24:35:Infinity":8,"f:35:47:35:48":2,"s:35:54:35:74":9,"s:36:24:36:Infinity":10,"f:36:47:36:48":3,"s:36:54:36:74":11,"s:38:24:38:Infinity":12,"s:40:27:40:Infinity":13,"s:41:8:41:Infinity":14,"s:43:8:48:Infinity":15,"f:43:35:43:36":4,"s:44:4:47:Infinity":16,"s:50:21:52:Infinity":17,"f:50:21:50:27":5,"s:51:4:51:Infinity":18,"s:54:22:57:Infinity":19,"f:54:22:54:28":6,"s:55:4:55:Infinity":20,"s:56:4:56:Infinity":21,"s:60:2:71:Infinity":22,"f:60:12:60:18":7,"s:61:27:67:Infinity":23,"f:61:27:61:28":8,"b:62:6:66:Infinity:64:6:66:Infinity":2,"s:62:6:66:Infinity":24,"s:63:8:63:Infinity":25,"b:64:6:66:Infinity:undefined:undefined:undefined:undefined":3,"s:64:6:66:Infinity":26,"s:65:8:65:Infinity":27,"s:69:4:69:Infinity":28,"s:70:4:70:Infinity":29,"f:70:11:70:17":9,"s:70:17:70:Infinity":30,"b:73:2:79:Infinity:undefined:undefined:undefined:undefined":4,"s:73:2:79:Infinity":31,"b:73:6:73:24:73:24:73:40":5,"s:74:4:77:Infinity":32,"s:81:2:231:Infinity":33,"b:105:31:105:52:105:52:105:Infinity":6,"b:105:52:105:72:105:72:105:Infinity":7,"b:109:18:109:Infinity:110:18:110:Infinity":8,"f:145:19:145:25":10,"s:145:25:145:Infinity":34,"f:194:19:194:25":11,"s:194:25:194:Infinity":35,"f:217:45:217:51":12,"s:217:51:217:Infinity":36,"f:225:27:225:33":13,"s:225:33:225:59":37}}}
,"/Users/brendanpotter/Documents/develop/Ranker/src/context/AppContext.tsx": {"path":"/Users/brendanpotter/Documents/develop/Ranker/src/context/AppContext.tsx","statementMap":{"0":{"start":{"line":13,"column":2},"end":{"line":27,"column":null}},"1":{"start":{"line":32,"column":2},"end":{"line":323,"column":null}},"2":{"start":{"line":34,"column":6},"end":{"line":34,"column":null}},"3":{"start":{"line":37,"column":6},"end":{"line":37,"column":null}},"4":{"start":{"line":40,"column":28},"end":{"line":46,"column":null}},"5":{"start":{"line":47,"column":6},"end":{"line":53,"column":null}},"6":{"start":{"line":57,"column":19},"end":{"line":57,"column":null}},"7":{"start":{"line":57,"column":43},"end":{"line":57,"column":65}},"8":{"start":{"line":58,"column":6},"end":{"line":58,"column":null}},"9":{"start":{"line":58,"column":17},"end":{"line":58,"column":null}},"10":{"start":{"line":60,"column":6},"end":{"line":66,"column":null}},"11":{"start":{"line":69,"column":6},"end":{"line":74,"column":null}},"12":{"start":{"line":72,"column":10},"end":{"line":72,"column":null}},"13":{"start":{"line":77,"column":26},"end":{"line":77,"column":null}},"14":{"start":{"line":78,"column":6},"end":{"line":78,"column":null}},"15":{"start":{"line":78,"column":24},"end":{"line":78,"column":null}},"16":{"start":{"line":80,"column":6},"end":{"line":90,"column":null}},"17":{"start":{"line":83,"column":10},"end":{"line":88,"column":null}},"18":{"start":{"line":94,"column":6},"end":{"line":104,"column":null}},"19":{"start":{"line":97,"column":10},"end":{"line":102,"column":null}},"20":{"start":{"line":100,"column":51},"end":{"line":100,"column":76}},"21":{"start":{"line":107,"column":26},"end":{"line":107,"column":null}},"22":{"start":{"line":108,"column":6},"end":{"line":108,"column":null}},"23":{"start":{"line":108,"column":24},"end":{"line":108,"column":null}},"24":{"start":{"line":110,"column":6},"end":{"line":123,"column":null}},"25":{"start":{"line":113,"column":10},"end":{"line":121,"column":null}},"26":{"start":{"line":127,"column":6},"end":{"line":139,"column":null}},"27":{"start":{"line":130,"column":10},"end":{"line":137,"column":null}},"28":{"start":{"line":134,"column":28},"end":{"line":134,"column":null}},"29":{"start":{"line":143,"column":19},"end":{"line":143,"column":null}},"30":{"start":{"line":143,"column":43},"end":{"line":143,"column":65}},"31":{"start":{"line":144,"column":6},"end":{"line":144,"column":null}},"32":{"start":{"line":144,"column":17},"end":{"line":144,"column":null}},"33":{"start":{"line":147,"column":23},"end":{"line":147,"column":null}},"34":{"start":{"line":148,"column":6},"end":{"line":148,"column":null}},"35":{"start":{"line":148,"column":31},"end":{"line":148,"column":null}},"36":{"start":{"line":150,"column":12},"end":{"line":150,"column":null}},"37":{"start":{"line":151,"column":6},"end":{"line":151,"column":null}},"38":{"start":{"line":151,"column":25},"end":{"line":151,"column":null}},"39":{"start":{"line":153,"column":6},"end":{"line":168,"column":null}},"40":{"start":{"line":156,"column":10},"end":{"line":164,"column":null}},"41":{"start":{"line":172,"column":19},"end":{"line":172,"column":null}},"42":{"start":{"line":172,"column":43},"end":{"line":172,"column":65}},"43":{"start":{"line":173,"column":6},"end":{"line":175,"column":null}},"44":{"start":{"line":174,"column":8},"end":{"line":174,"column":null}},"45":{"start":{"line":177,"column":12},"end":{"line":180,"column":null}},"46":{"start":{"line":181,"column":6},"end":{"line":181,"column":null}},"47":{"start":{"line":181,"column":25},"end":{"line":181,"column":null}},"48":{"start":{"line":183,"column":6},"end":{"line":196,"column":null}},"49":{"start":{"line":186,"column":10},"end":{"line":192,"column":null}},"50":{"start":{"line":200,"column":6},"end":{"line":200,"column":null}},"51":{"start":{"line":200,"column":31},"end":{"line":200,"column":null}},"52":{"start":{"line":202,"column":12},"end":{"line":205,"column":null}},"53":{"start":{"line":208,"column":6},"end":{"line":227,"column":null}},"54":{"start":{"line":210,"column":27},"end":{"line":210,"column":null}},"55":{"start":{"line":212,"column":8},"end":{"line":226,"column":null}},"56":{"start":{"line":215,"column":12},"end":{"line":222,"column":null}},"57":{"start":{"line":229,"column":6},"end":{"line":232,"column":null}},"58":{"start":{"line":237,"column":28},"end":{"line":237,"column":null}},"59":{"start":{"line":239,"column":6},"end":{"line":269,"column":null}},"60":{"start":{"line":242,"column":10},"end":{"line":244,"column":null}},"61":{"start":{"line":243,"column":12},"end":{"line":243,"column":null}},"62":{"start":{"line":246,"column":10},"end":{"line":265,"column":null}},"63":{"start":{"line":248,"column":38},"end":{"line":248,"column":null}},"64":{"start":{"line":249,"column":38},"end":{"line":249,"column":null}},"65":{"start":{"line":250,"column":39},"end":{"line":250,"column":null}},"66":{"start":{"line":251,"column":34},"end":{"line":253,"column":null}},"67":{"start":{"line":255,"column":12},"end":{"line":261,"column":null}},"68":{"start":{"line":259,"column":47},"end":{"line":259,"column":79}},"69":{"start":{"line":264,"column":12},"end":{"line":264,"column":null}},"70":{"start":{"line":273,"column":31},"end":{"line":273,"column":null}},"71":{"start":{"line":273,"column":57},"end":{"line":273,"column":79}},"72":{"start":{"line":276,"column":6},"end":{"line":291,"column":null}},"73":{"start":{"line":277,"column":30},"end":{"line":283,"column":null}},"74":{"start":{"line":284,"column":8},"end":{"line":290,"column":null}},"75":{"start":{"line":294,"column":29},"end":{"line":294,"column":null}},"76":{"start":{"line":295,"column":6},"end":{"line":297,"column":null}},"77":{"start":{"line":296,"column":8},"end":{"line":296,"column":null}},"78":{"start":{"line":299,"column":6},"end":{"line":305,"column":null}},"79":{"start":{"line":310,"column":22},"end":{"line":310,"column":null}},"80":{"start":{"line":312,"column":6},"end":{"line":318,"column":null}},"81":{"start":{"line":322,"column":6},"end":{"line":322,"column":null}},"82":{"start":{"line":332,"column":6},"end":{"line":332,"column":null}},"83":{"start":{"line":337,"column":24},"end":{"line":351,"column":null}},"84":{"start":{"line":339,"column":10},"end":{"line":339,"column":null}},"85":{"start":{"line":340,"column":4},"end":{"line":346,"column":null}},"86":{"start":{"line":342,"column":6},"end":{"line":344,"column":null}},"87":{"start":{"line":343,"column":8},"end":{"line":343,"column":null}},"88":{"start":{"line":345,"column":6},"end":{"line":345,"column":null}},"89":{"start":{"line":348,"column":20},"end":{"line":348,"column":null}},"90":{"start":{"line":349,"column":4},"end":{"line":349,"column":null}},"91":{"start":{"line":350,"column":4},"end":{"line":350,"column":null}},"92":{"start":{"line":354,"column":2},"end":{"line":356,"column":null}},"93":{"start":{"line":355,"column":4},"end":{"line":355,"column":null}},"94":{"start":{"line":359,"column":2},"end":{"line":363,"column":null}},"95":{"start":{"line":360,"column":4},"end":{"line":362,"column":null}},"96":{"start":{"line":361,"column":6},"end":{"line":361,"column":null}},"97":{"start":{"line":365,"column":2},"end":{"line":368,"column":null}},"98":{"start":{"line":374,"column":8},"end":{"line":374,"column":null}},"99":{"start":{"line":375,"column":2},"end":{"line":377,"column":null}},"100":{"start":{"line":376,"column":4},"end":{"line":376,"column":null}},"101":{"start":{"line":378,"column":2},"end":{"line":378,"column":null}}},"fnMap":{"0":{"name":"createInitialState","decl":{"start":{"line":12,"column":16},"end":{"line":12,"column":47}},"loc":{"start":{"line":12,"column":47},"end":{"line":28,"column":null}},"line":12},"1":{"name":"appReducer","decl":{"start":{"line":31,"column":16},"end":{"line":31,"column":27}},"loc":{"start":{"line":31,"column":70},"end":{"line":324,"column":null}},"line":31},"2":{"name":"(anonymous_2)","decl":{"start":{"line":57,"column":36},"end":{"line":57,"column":37}},"loc":{"start":{"line":57,"column":43},"end":{"line":57,"column":65}},"line":57},"3":{"name":"(anonymous_3)","decl":{"start":{"line":71,"column":31},"end":{"line":71,"column":32}},"loc":{"start":{"line":72,"column":10},"end":{"line":72,"column":null}},"line":72},"4":{"name":"(anonymous_4)","decl":{"start":{"line":82,"column":31},"end":{"line":82,"column":32}},"loc":{"start":{"line":83,"column":10},"end":{"line":88,"column":null}},"line":83},"5":{"name":"(anonymous_5)","decl":{"start":{"line":96,"column":31},"end":{"line":96,"column":32}},"loc":{"start":{"line":97,"column":10},"end":{"line":102,"column":null}},"line":97},"6":{"name":"(anonymous_6)","decl":{"start":{"line":100,"column":41},"end":{"line":100,"column":42}},"loc":{"start":{"line":100,"column":51},"end":{"line":100,"column":76}},"line":100},"7":{"name":"(anonymous_7)","decl":{"start":{"line":112,"column":31},"end":{"line":112,"column":32}},"loc":{"start":{"line":113,"column":10},"end":{"line":121,"column":null}},"line":113},"8":{"name":"(anonymous_8)","decl":{"start":{"line":129,"column":31},"end":{"line":129,"column":32}},"loc":{"start":{"line":130,"column":10},"end":{"line":137,"column":null}},"line":130},"9":{"name":"(anonymous_9)","decl":{"start":{"line":134,"column":18},"end":{"line":134,"column":19}},"loc":{"start":{"line":134,"column":28},"end":{"line":134,"column":null}},"line":134},"10":{"name":"(anonymous_10)","decl":{"start":{"line":143,"column":36},"end":{"line":143,"column":37}},"loc":{"start":{"line":143,"column":43},"end":{"line":143,"column":65}},"line":143},"11":{"name":"(anonymous_11)","decl":{"start":{"line":155,"column":31},"end":{"line":155,"column":32}},"loc":{"start":{"line":156,"column":10},"end":{"line":164,"column":null}},"line":156},"12":{"name":"(anonymous_12)","decl":{"start":{"line":172,"column":36},"end":{"line":172,"column":37}},"loc":{"start":{"line":172,"column":43},"end":{"line":172,"column":65}},"line":172},"13":{"name":"(anonymous_13)","decl":{"start":{"line":185,"column":31},"end":{"line":185,"column":32}},"loc":{"start":{"line":186,"column":10},"end":{"line":192,"column":null}},"line":186},"14":{"name":"(anonymous_14)","decl":{"start":{"line":214,"column":33},"end":{"line":214,"column":34}},"loc":{"start":{"line":215,"column":12},"end":{"line":222,"column":null}},"line":215},"15":{"name":"(anonymous_15)","decl":{"start":{"line":241,"column":31},"end":{"line":241,"column":32}},"loc":{"start":{"line":241,"column":41},"end":{"line":266,"column":9}},"line":241},"16":{"name":"(anonymous_16)","decl":{"start":{"line":259,"column":39},"end":{"line":259,"column":47}},"loc":{"start":{"line":259,"column":47},"end":{"line":259,"column":79}},"line":259},"17":{"name":"(anonymous_17)","decl":{"start":{"line":273,"column":50},"end":{"line":273,"column":51}},"loc":{"start":{"line":273,"column":57},"end":{"line":273,"column":79}},"line":273},"18":{"name":"AppProvider","decl":{"start":{"line":335,"column":16},"end":{"line":335,"column":28}},"loc":{"start":{"line":335,"column":67},"end":{"line":370,"column":null}},"line":335},"19":{"name":"(anonymous_19)","decl":{"start":{"line":337,"column":57},"end":{"line":337,"column":63}},"loc":{"start":{"line":337,"column":63},"end":{"line":351,"column":3}},"line":337},"20":{"name":"(anonymous_20)","decl":{"start":{"line":354,"column":12},"end":{"line":354,"column":18}},"loc":{"start":{"line":354,"column":18},"end":{"line":356,"column":5}},"line":354},"21":{"name":"(anonymous_21)","decl":{"start":{"line":359,"column":12},"end":{"line":359,"column":18}},"loc":{"start":{"line":359,"column":18},"end":{"line":363,"column":5}},"line":359},"22":{"name":"useApp","decl":{"start":{"line":373,"column":16},"end":{"line":373,"column":25}},"loc":{"start":{"line":373,"column":25},"end":{"line":379,"column":null}},"line":373}},"branchMap":{"0":{"loc":{"start":{"line":32,"column":2},"end":{"line":323,"column":null}},"type":"switch","locations":[{"start":{"line":33,"column":4},"end":{"line":34,"column":null}},{"start":{"line":36,"column":4},"end":{"line":37,"column":null}},{"start":{"line":39,"column":4},"end":{"line":54,"column":null}},{"start":{"line":56,"column":4},"end":{"line":66,"column":null}},{"start":{"line":68,"column":4},"end":{"line":74,"column":null}},{"start":{"line":76,"column":4},"end":{"line":91,"column":null}},{"start":{"line":93,"column":4},"end":{"line":104,"column":null}},{"start":{"line":106,"column":4},"end":{"line":124,"column":null}},{"start":{"line":126,"column":4},"end":{"line":140,"column":null}},{"start":{"line":142,"column":4},"end":{"line":169,"column":null}},{"start":{"line":171,"column":4},"end":{"line":197,"column":null}},{"start":{"line":199,"column":4},"end":{"line":233,"column":null}},{"start":{"line":235,"column":4},"end":{"line":270,"column":null}},{"start":{"line":272,"column":4},"end":{"line":306,"column":null}},{"start":{"line":308,"column":4},"end":{"line":319,"column":null}},{"start":{"line":321,"column":4},"end":{"line":322,"column":null}}],"line":32},"1":{"loc":{"start":{"line":58,"column":6},"end":{"line":58,"column":null}},"type":"if","locations":[{"start":{"line":58,"column":6},"end":{"line":58,"column":null}},{"start":{},"end":{}}],"line":58},"2":{"loc":{"start":{"line":64,"column":21},"end":{"line":64,"column":null}},"type":"cond-expr","locations":[{"start":{"line":64,"column":48},"end":{"line":64,"column":65}},{"start":{"line":64,"column":65},"end":{"line":64,"column":null}}],"line":64},"3":{"loc":{"start":{"line":72,"column":10},"end":{"line":72,"column":null}},"type":"cond-expr","locations":[{"start":{"line":72,"column":38},"end":{"line":72,"column":71}},{"start":{"line":72,"column":71},"end":{"line":72,"column":null}}],"line":72},"4":{"loc":{"start":{"line":78,"column":6},"end":{"line":78,"column":null}},"type":"if","locations":[{"start":{"line":78,"column":6},"end":{"line":78,"column":null}},{"start":{},"end":{}}],"line":78},"5":{"loc":{"start":{"line":83,"column":10},"end":{"line":88,"column":null}},"type":"cond-expr","locations":[{"start":{"line":84,"column":14},"end":{"line":87,"column":null}},{"start":{"line":88,"column":14},"end":{"line":88,"column":null}}],"line":83},"6":{"loc":{"start":{"line":97,"column":10},"end":{"line":102,"column":null}},"type":"cond-expr","locations":[{"start":{"line":98,"column":14},"end":{"line":101,"column":null}},{"start":{"line":102,"column":14},"end":{"line":102,"column":null}}],"line":97},"7":{"loc":{"start":{"line":108,"column":6},"end":{"line":108,"column":null}},"type":"if","locations":[{"start":{"line":108,"column":6},"end":{"line":108,"column":null}},{"start":{},"end":{}}],"line":108},"8":{"loc":{"start":{"line":113,"column":10},"end":{"line":121,"column":null}},"type":"cond-expr","locations":[{"start":{"line":114,"column":14},"end":{"line":120,"column":null}},{"start":{"line":121,"column":14},"end":{"line":121,"column":null}}],"line":113},"9":{"loc":{"start":{"line":113,"column":10},"end":{"line":113,"column":null}},"type":"binary-expr","locations":[{"start":{"line":113,"column":10},"end":{"line":113,"column":39}},{"start":{"line":113,"column":39},"end":{"line":113,"column":null}}],"line":113},"10":{"loc":{"start":{"line":117,"column":22},"end":{"line":117,"column":null}},"type":"binary-expr","locations":[{"start":{"line":117,"column":22},"end":{"line":117,"column":44}},{"start":{"line":117,"column":44},"end":{"line":117,"column":null}}],"line":117},"11":{"loc":{"start":{"line":130,"column":10},"end":{"line":137,"column":null}},"type":"cond-expr","locations":[{"start":{"line":131,"column":14},"end":{"line":136,"column":null}},{"start":{"line":137,"column":14},"end":{"line":137,"column":null}}],"line":130},"12":{"loc":{"start":{"line":133,"column":32},"end":{"line":133,"column":58}},"type":"binary-expr","locations":[{"start":{"line":133,"column":32},"end":{"line":133,"column":54}},{"start":{"line":133,"column":54},"end":{"line":133,"column":58}}],"line":133},"13":{"loc":{"start":{"line":144,"column":6},"end":{"line":144,"column":null}},"type":"if","locations":[{"start":{"line":144,"column":6},"end":{"line":144,"column":null}},{"start":{},"end":{}}],"line":144},"14":{"loc":{"start":{"line":147,"column":43},"end":{"line":147,"column":68}},"type":"binary-expr","locations":[{"start":{"line":147,"column":43},"end":{"line":147,"column":65}},{"start":{"line":147,"column":65},"end":{"line":147,"column":68}}],"line":147},"15":{"loc":{"start":{"line":148,"column":6},"end":{"line":148,"column":null}},"type":"if","locations":[{"start":{"line":148,"column":6},"end":{"line":148,"column":null}},{"start":{},"end":{}}],"line":148},"16":{"loc":{"start":{"line":151,"column":6},"end":{"line":151,"column":null}},"type":"if","locations":[{"start":{"line":151,"column":6},"end":{"line":151,"column":null}},{"start":{},"end":{}}],"line":151},"17":{"loc":{"start":{"line":156,"column":10},"end":{"line":164,"column":null}},"type":"cond-expr","locations":[{"start":{"line":157,"column":14},"end":{"line":163,"column":null}},{"start":{"line":164,"column":14},"end":{"line":164,"column":null}}],"line":156},"18":{"loc":{"start":{"line":173,"column":6},"end":{"line":175,"column":null}},"type":"if","locations":[{"start":{"line":173,"column":6},"end":{"line":175,"column":null}},{"start":{},"end":{}}],"line":173},"19":{"loc":{"start":{"line":173,"column":10},"end":{"line":173,"column":95}},"type":"binary-expr","locations":[{"start":{"line":173,"column":10},"end":{"line":173,"column":19}},{"start":{"line":173,"column":19},"end":{"line":173,"column":39}},{"start":{"line":173,"column":39},"end":{"line":173,"column":62}},{"start":{"line":173,"column":62},"end":{"line":173,"column":95}}],"line":173},"20":{"loc":{"start":{"line":181,"column":6},"end":{"line":181,"column":null}},"type":"if","locations":[{"start":{"line":181,"column":6},"end":{"line":181,"column":null}},{"start":{},"end":{}}],"line":181},"21":{"loc":{"start":{"line":186,"column":10},"end":{"line":192,"column":null}},"type":"cond-expr","locations":[{"start":{"line":187,"column":14},"end":{"line":191,"column":null}},{"start":{"line":192,"column":14},"end":{"line":192,"column":null}}],"line":186},"22":{"loc":{"start":{"line":190,"column":40},"end":{"line":190,"column":62}},"type":"binary-expr","locations":[{"start":{"line":190,"column":40},"end":{"line":190,"column":59}},{"start":{"line":190,"column":59},"end":{"line":190,"column":62}}],"line":190},"23":{"loc":{"start":{"line":200,"column":6},"end":{"line":200,"column":null}},"type":"if","locations":[{"start":{"line":200,"column":6},"end":{"line":200,"column":null}},{"start":{},"end":{}}],"line":200},"24":{"loc":{"start":{"line":208,"column":6},"end":{"line":227,"column":null}},"type":"if","locations":[{"start":{"line":208,"column":6},"end":{"line":227,"column":null}},{"start":{},"end":{}}],"line":208},"25":{"loc":{"start":{"line":208,"column":10},"end":{"line":208,"column":100}},"type":"binary-expr","locations":[{"start":{"line":208,"column":10},"end":{"line":208,"column":57}},{"start":{"line":208,"column":57},"end":{"line":208,"column":100}}],"line":208},"26":{"loc":{"start":{"line":215,"column":12},"end":{"line":222,"column":null}},"type":"cond-expr","locations":[{"start":{"line":216,"column":16},"end":{"line":221,"column":null}},{"start":{"line":222,"column":16},"end":{"line":222,"column":null}}],"line":215},"27":{"loc":{"start":{"line":242,"column":10},"end":{"line":244,"column":null}},"type":"if","locations":[{"start":{"line":242,"column":10},"end":{"line":244,"column":null}},{"start":{},"end":{}}],"line":242},"28":{"loc":{"start":{"line":242,"column":14},"end":{"line":242,"column":76}},"type":"binary-expr","locations":[{"start":{"line":242,"column":14},"end":{"line":242,"column":49}},{"start":{"line":242,"column":49},"end":{"line":242,"column":76}}],"line":242},"29":{"loc":{"start":{"line":246,"column":10},"end":{"line":265,"column":null}},"type":"if","locations":[{"start":{"line":246,"column":10},"end":{"line":265,"column":null}},{"start":{"line":262,"column":17},"end":{"line":265,"column":null}}],"line":246},"30":{"loc":{"start":{"line":248,"column":38},"end":{"line":248,"column":null}},"type":"binary-expr","locations":[{"start":{"line":248,"column":38},"end":{"line":248,"column":79}},{"start":{"line":248,"column":79},"end":{"line":248,"column":null}}],"line":248},"31":{"loc":{"start":{"line":249,"column":38},"end":{"line":249,"column":null}},"type":"binary-expr","locations":[{"start":{"line":249,"column":38},"end":{"line":249,"column":76}},{"start":{"line":249,"column":76},"end":{"line":249,"column":null}}],"line":249},"32":{"loc":{"start":{"line":251,"column":34},"end":{"line":253,"column":null}},"type":"cond-expr","locations":[{"start":{"line":252,"column":16},"end":{"line":252,"column":null}},{"start":{"line":253,"column":16},"end":{"line":253,"column":null}}],"line":251},"33":{"loc":{"start":{"line":268,"column":21},"end":{"line":268,"column":null}},"type":"cond-expr","locations":[{"start":{"line":268,"column":37},"end":{"line":268,"column":54}},{"start":{"line":268,"column":54},"end":{"line":268,"column":null}}],"line":268},"34":{"loc":{"start":{"line":276,"column":6},"end":{"line":291,"column":null}},"type":"if","locations":[{"start":{"line":276,"column":6},"end":{"line":291,"column":null}},{"start":{},"end":{}}],"line":276},"35":{"loc":{"start":{"line":295,"column":6},"end":{"line":297,"column":null}},"type":"if","locations":[{"start":{"line":295,"column":6},"end":{"line":297,"column":null}},{"start":{},"end":{}}],"line":295},"36":{"loc":{"start":{"line":317,"column":21},"end":{"line":317,"column":null}},"type":"cond-expr","locations":[{"start":{"line":317,"column":51},"end":{"line":317,"column":68}},{"start":{"line":317,"column":68},"end":{"line":317,"column":null}}],"line":317},"37":{"loc":{"start":{"line":340,"column":4},"end":{"line":346,"column":null}},"type":"if","locations":[{"start":{"line":340,"column":4},"end":{"line":346,"column":null}},{"start":{},"end":{}}],"line":340},"38":{"loc":{"start":{"line":342,"column":6},"end":{"line":344,"column":null}},"type":"if","locations":[{"start":{"line":342,"column":6},"end":{"line":344,"column":null}},{"start":{},"end":{}}],"line":342},"39":{"loc":{"start":{"line":342,"column":10},"end":{"line":342,"column":58}},"type":"binary-expr","locations":[{"start":{"line":342,"column":10},"end":{"line":342,"column":34}},{"start":{"line":342,"column":34},"end":{"line":342,"column":58}}],"line":342},"40":{"loc":{"start":{"line":360,"column":4},"end":{"line":362,"column":null}},"type":"if","locations":[{"start":{"line":360,"column":4},"end":{"line":362,"column":null}},{"start":{},"end":{}}],"line":360},"41":{"loc":{"start":{"line":360,"column":8},"end":{"line":360,"column":56}},"type":"binary-expr","locations":[{"start":{"line":360,"column":8},"end":{"line":360,"column":32}},{"start":{"line":360,"column":32},"end":{"line":360,"column":56}}],"line":360},"42":{"loc":{"start":{"line":375,"column":2},"end":{"line":377,"column":null}},"type":"if","locations":[{"start":{"line":375,"column":2},"end":{"line":377,"column":null}},{"start":{},"end":{}}],"line":375}},"s":{"0":0,"1":74,"2":1,"3":1,"4":3,"5":3,"6":4,"7":7,"8":4,"9":1,"10":3,"11":11,"12":12,"13":11,"14":11,"15":1,"16":10,"17":10,"18":2,"19":2,"20":4,"21":20,"22":20,"23":1,"24":19,"25":19,"26":3,"27":3,"28":5,"29":4,"30":4,"31":4,"32":0,"33":4,"34":4,"35":1,"36":3,"37":3,"38":0,"39":3,"40":3,"41":3,"42":3,"43":3,"44":1,"45":2,"46":2,"47":0,"48":2,"49":2,"50":4,"51":0,"52":4,"53":4,"54":1,"55":1,"56":1,"57":3,"58":2,"59":2,"60":2,"61":0,"62":2,"63":1,"64":1,"65":1,"66":1,"67":1,"68":3,"69":1,"70":3,"71":5,"72":3,"73":1,"74":1,"75":2,"76":2,"77":1,"78":2,"79":2,"80":2,"81":0,"82":5,"83":143,"84":97,"85":97,"86":97,"87":0,"88":97,"89":0,"90":0,"91":0,"92":143,"93":142,"94":143,"95":140,"96":0,"97":143,"98":359,"99":359,"100":0,"101":358},"f":{"0":0,"1":74,"2":7,"3":12,"4":10,"5":2,"6":4,"7":19,"8":3,"9":5,"10":4,"11":3,"12":3,"13":2,"14":1,"15":2,"16":3,"17":5,"18":143,"19":97,"20":142,"21":140,"22":359},"b":{"0":[1,1,3,4,11,11,2,20,3,4,3,4,2,3,2,0],"1":[1,3],"2":[2,1],"3":[11,1],"4":[1,10],"5":[10,0],"6":[2,0],"7":[1,19],"8":[19,0],"9":[19,19],"10":[19,13],"11":[3,0],"12":[3,0],"13":[0,4],"14":[4,3],"15":[1,3],"16":[0,3],"17":[3,0],"18":[1,2],"19":[3,3,3,2],"20":[0,2],"21":[2,0],"22":[2,0],"23":[0,4],"24":[1,3],"25":[4,4],"26":[1,0],"27":[0,2],"28":[2,2],"29":[1,1],"30":[1,0],"31":[1,0],"32":[1,0],"33":[1,1],"34":[1,2],"35":[1,1],"36":[1,1],"37":[97,0],"38":[0,97],"39":[97,3],"40":[0,140],"41":[140,3],"42":[0,359]},"meta":{"lastBranch":43,"lastFunction":23,"lastStatement":102,"seen":{"f:12:16:12:47":0,"s:13:2:27:Infinity":0,"f:31:16:31:27":1,"b:33:4:34:Infinity:36:4:37:Infinity:39:4:54:Infinity:56:4:66:Infinity:68:4:74:Infinity:76:4:91:Infinity:93:4:104:Infinity:106:4:124:Infinity:126:4:140:Infinity:142:4:169:Infinity:171:4:197:Infinity:199:4:233:Infinity:235:4:270:Infinity:272:4:306:Infinity:308:4:319:Infinity:321:4:322:Infinity":0,"s:32:2:323:Infinity":1,"s:34:6:34:Infinity":2,"s:37:6:37:Infinity":3,"s:40:28:46:Infinity":4,"s:47:6:53:Infinity":5,"s:57:19:57:Infinity":6,"f:57:36:57:37":2,"s:57:43:57:65":7,"b:58:6:58:Infinity:undefined:undefined:undefined:undefined":1,"s:58:6:58:Infinity":8,"s:58:17:58:Infinity":9,"s:60:6:66:Infinity":10,"b:64:48:64:65:64:65:64:Infinity":2,"s:69:6:74:Infinity":11,"f:71:31:71:32":3,"s:72:10:72:Infinity":12,"b:72:38:72:71:72:71:72:Infinity":3,"s:77:26:77:Infinity":13,"b:78:6:78:Infinity:undefined:undefined:undefined:undefined":4,"s:78:6:78:Infinity":14,"s:78:24:78:Infinity":15,"s:80:6:90:Infinity":16,"f:82:31:82:32":4,"s:83:10:88:Infinity":17,"b:84:14:87:Infinity:88:14:88:Infinity":5,"s:94:6:104:Infinity":18,"f:96:31:96:32":5,"s:97:10:102:Infinity":19,"b:98:14:101:Infinity:102:14:102:Infinity":6,"f:100:41:100:42":6,"s:100:51:100:76":20,"s:107:26:107:Infinity":21,"b:108:6:108:Infinity:undefined:undefined:undefined:undefined":7,"s:108:6:108:Infinity":22,"s:108:24:108:Infinity":23,"s:110:6:123:Infinity":24,"f:112:31:112:32":7,"s:113:10:121:Infinity":25,"b:114:14:120:Infinity:121:14:121:Infinity":8,"b:113:10:113:39:113:39:113:Infinity":9,"b:117:22:117:44:117:44:117:Infinity":10,"s:127:6:139:Infinity":26,"f:129:31:129:32":8,"s:130:10:137:Infinity":27,"b:131:14:136:Infinity:137:14:137:Infinity":11,"b:133:32:133:54:133:54:133:58":12,"f:134:18:134:19":9,"s:134:28:134:Infinity":28,"s:143:19:143:Infinity":29,"f:143:36:143:37":10,"s:143:43:143:65":30,"b:144:6:144:Infinity:undefined:undefined:undefined:undefined":13,"s:144:6:144:Infinity":31,"s:144:17:144:Infinity":32,"s:147:23:147:Infinity":33,"b:147:43:147:65:147:65:147:68":14,"b:148:6:148:Infinity:undefined:undefined:undefined:undefined":15,"s:148:6:148:Infinity":34,"s:148:31:148:Infinity":35,"s:150:12:150:Infinity":36,"b:151:6:151:Infinity:undefined:undefined:undefined:undefined":16,"s:151:6:151:Infinity":37,"s:151:25:151:Infinity":38,"s:153:6:168:Infinity":39,"f:155:31:155:32":11,"s:156:10:164:Infinity":40,"b:157:14:163:Infinity:164:14:164:Infinity":17,"s:172:19:172:Infinity":41,"f:172:3
[...]
,"/Users/brendanpotter/Documents/develop/Ranker/src/utils/localStorage.ts": {"path":"/Users/brendanpotter/Documents/develop/Ranker/src/utils/localStorage.ts","statementMap":{"0":{"start":{"line":3,"column":20},"end":{"line":3,"column":null}},"1":{"start":{"line":9,"column":2},"end":{"line":14,"column":null}},"2":{"start":{"line":10,"column":23},"end":{"line":10,"column":null}},"3":{"start":{"line":11,"column":4},"end":{"line":11,"column":null}},"4":{"start":{"line":13,"column":4},"end":{"line":13,"column":null}},"5":{"start":{"line":21,"column":2},"end":{"line":30,"column":null}},"6":{"start":{"line":22,"column":23},"end":{"line":22,"column":null}},"7":{"start":{"line":23,"column":4},"end":{"line":25,"column":null}},"8":{"start":{"line":24,"column":6},"end":{"line":24,"column":null}},"9":{"start":{"line":26,"column":4},"end":{"line":26,"column":null}},"10":{"start":{"line":28,"column":4},"end":{"line":28,"column":null}},"11":{"start":{"line":29,"column":4},"end":{"line":29,"column":null}},"12":{"start":{"line":37,"column":2},"end":{"line":41,"column":null}},"13":{"start":{"line":38,"column":4},"end":{"line":38,"column":null}},"14":{"start":{"line":40,"column":4},"end":{"line":40,"column":null}}},"fnMap":{"0":{"name":"saveToLocalStorage","decl":{"start":{"line":8,"column":16},"end":{"line":8,"column":35}},"loc":{"start":{"line":8,"column":58},"end":{"line":15,"column":null}},"line":8},"1":{"name":"loadFromLocalStorage","decl":{"start":{"line":20,"column":16},"end":{"line":20,"column":56}},"loc":{"start":{"line":20,"column":56},"end":{"line":31,"column":null}},"line":20},"2":{"name":"clearLocalStorage","decl":{"start":{"line":36,"column":16},"end":{"line":36,"column":42}},"loc":{"start":{"line":36,"column":42},"end":{"line":42,"column":null}},"line":36}},"branchMap":{"0":{"loc":{"start":{"line":23,"column":4},"end":{"line":25,"column":null}},"type":"if","locations":[{"start":{"line":23,"column":4},"end":{"line":25,"column":null}},{"start":{},"end":{}}],"line":23}},"s":{"0":6,"1":149,"2":149,"3":149,"4":1,"5":105,"6":105,"7":105,"8":2,"9":102,"10":2,"11":2,"12":3,"13":3,"14":1},"f":{"0":149,"1":105,"2":3},"b":{"0":[2,103]},"meta":{"lastBranch":1,"lastFunction":3,"lastStatement":15,"seen":{"s:3:20:3:Infinity":0,"f:8:16:8:35":0,"s:9:2:14:Infinity":1,"s:10:23:10:Infinity":2,"s:11:4:11:Infinity":3,"s:13:4:13:Infinity":4,"f:20:16:20:56":1,"s:21:2:30:Infinity":5,"s:22:23:22:Infinity":6,"b:23:4:25:Infinity:undefined:undefined:undefined:undefined":0,"s:23:4:25:Infinity":7,"s:24:6:24:Infinity":8,"s:26:4:26:Infinity":9,"s:28:4:28:Infinity":10,"s:29:4:29:Infinity":11,"f:36:16:36:42":2,"s:37:2:41:Infinity":12,"s:38:4:38:Infinity":13,"s:40:4:40:Infinity":14}}}
,"/Users/brendanpotter/Documents/develop/Ranker/src/utils/rankingAlgorithm.ts": {"path":"/Users/brendanpotter/Documents/develop/Ranker/src/utils/rankingAlgorithm.ts","statementMap":{"0":{"start":{"line":7,"column":2},"end":{"line":9,"column":null}},"1":{"start":{"line":8,"column":4},"end":{"line":8,"column":null}},"2":{"start":{"line":11,"column":18},"end":{"line":11,"column":null}},"3":{"start":{"line":11,"column":38},"end":{"line":11,"column":45}},"4":{"start":{"line":13,"column":2},"end":{"line":20,"column":null}},"5":{"start":{"line":32,"column":2},"end":{"line":34,"column":null}},"6":{"start":{"line":33,"column":4},"end":{"line":33,"column":null}},"7":{"start":{"line":36,"column":2},"end":{"line":39,"column":null}},"8":{"start":{"line":38,"column":4},"end":{"line":38,"column":null}},"9":{"start":{"line":41,"column":21},"end":{"line":41,"column":null}},"10":{"start":{"line":41,"column":44},"end":{"line":41,"column":51}},"11":{"start":{"line":43,"column":2},"end":{"line":50,"column":null}},"12":{"start":{"line":64,"column":4},"end":{"line":64,"column":null}},"13":{"start":{"line":67,"column":14},"end":{"line":67,"column":null}},"14":{"start":{"line":69,"column":15},"end":{"line":69,"column":null}},"15":{"start":{"line":70,"column":16},"end":{"line":70,"column":null}},"16":{"start":{"line":72,"column":2},"end":{"line":80,"column":null}},"17":{"start":{"line":75,"column":4},"end":{"line":75,"column":null}},"18":{"start":{"line":79,"column":4},"end":{"line":79,"column":null}},"19":{"start":{"line":83,"column":2},"end":{"line":112,"column":null}},"20":{"start":{"line":85,"column":26},"end":{"line":85,"column":null}},"21":{"start":{"line":86,"column":4},"end":{"line":86,"column":null}},"22":{"start":{"line":89,"column":28},"end":{"line":89,"column":null}},"23":{"start":{"line":91,"column":4},"end":{"line":101,"column":null}},"24":{"start":{"line":93,"column":6},"end":{"line":100,"column":null}},"25":{"start":{"line":104,"column":4},"end":{"line":111,"column":null}},"26":{"start":{"line":115,"column":2},"end":{"line":122,"column":null}},"27":{"start":{"line":134,"column":14},"end":{"line":134,"column":null}},"28":{"start":{"line":135,"column":2},"end":{"line":138,"column":null}},"29":{"start":{"line":150,"column":25},"end":{"line":150,"column":null}},"30":{"start":{"line":151,"column":26},"end":{"line":151,"column":null}},"31":{"start":{"line":153,"column":2},"end":{"line":157,"column":null}}},"fnMap":{"0":{"name":"initializeRankingState","decl":{"start":{"line":6,"column":16},"end":{"line":6,"column":39}},"loc":{"start":{"line":6,"column":79},"end":{"line":21,"column":null}},"line":6},"1":{"name":"(anonymous_1)","decl":{"start":{"line":11,"column":28},"end":{"line":11,"column":29}},"loc":{"start":{"line":11,"column":38},"end":{"line":11,"column":45}},"line":11},"2":{"name":"initializePartialRankingState","decl":{"start":{"line":28,"column":16},"end":{"line":28,"column":null}},"loc":{"start":{"line":31,"column":23},"end":{"line":51,"column":null}},"line":31},"3":{"name":"(anonymous_3)","decl":{"start":{"line":41,"column":34},"end":{"line":41,"column":35}},"loc":{"start":{"line":41,"column":44},"end":{"line":41,"column":51}},"line":41},"4":{"name":"processComparison","decl":{"start":{"line":59,"column":16},"end":{"line":59,"column":null}},"loc":{"start":{"line":62,"column":16},"end":{"line":123,"column":null}},"line":62},"5":{"name":"getCurrentComparison","decl":{"start":{"line":130,"column":16},"end":{"line":130,"column":37}},"loc":{"start":{"line":133,"column":2},"end":{"line":139,"column":null}},"line":133},"6":{"name":"getRankingProgress","decl":{"start":{"line":144,"column":16},"end":{"line":144,"column":35}},"loc":{"start":{"line":148,"column":2},"end":{"line":158,"column":null}},"line":148}},"branchMap":{"0":{"loc":{"start":{"line":7,"column":2},"end":{"line":9,"column":null}},"type":"if","locations":[{"start":{"line":7,"column":2},"end":{"line":9,"column":null}},{"start":{},"end":{}}],"line":7},"1":{"loc":{"start":{"line":32,"column":2},"end":{"line":34,"column":null}},"type":"if","locations":[{"start":{"line":32,"column":2},"end":{"line":34,"column":null}},{"start":{},"end":{}}],"line":32},"2":{"loc":{"start":{"line":36,"column":2},"end":{"line":39,"column":null}},"type":"if","locations":[{"start":{"line":36,"column":2},"end":{"line":39,"column":null}},{"start":{},"end":{}}],"line":36},"3":{"loc":{"start":{"line":72,"column":2},"end":{"line":80,"column":null}},"type":"if","locations":[{"start":{"line":72,"column":2},"end":{"line":80,"column":null}},{"start":{"line":76,"column":9},"end":{"line":80,"column":null}}],"line":72},"4":{"loc":{"start":{"line":83,"column":2},"end":{"line":112,"column":null}},"type":"if","locations":[{"start":{"line":83,"column":2},"end":{"line":112,"column":null}},{"start":{},"end":{}}],"line":83},"5":{"loc":{"start":{"line":91,"column":4},"end":{"line":101,"column":null}},"type":"if","locations":[{"start":{"line":91,"column":4},"end":{"line":101,"column":null}},{"start":{},"end":{}}],"line":91},"6":{"loc":{"start":{"line":91,"column":8},"end":{"line":91,"column":69}},"type":"binary-expr","locations":[{"start":{"line":91,"column":8},"end":{"line":91,"column":40}},{"start":{"line":91,"column":40},"end":{"line":91,"column":69}}],"line":91}},"s":{"0":13,"1":2,"2":11,"3":33,"4":11,"5":5,"6":1,"7":4,"8":1,"9":3,"10":4,"11":3,"12":28,"13":28,"14":28,"15":28,"16":28,"17":16,"18":12,"19":28,"20":20,"21":20,"22":20,"23":20,"24":8,"25":12,"26":8,"27":28,"28":28,"29":28,"30":28,"31":28},"f":{"0":13,"1":33,"2":5,"3":4,"4":28,"5":28,"6":28},"b":{"0":[2,11],"1":[1,4],"2":[1,3],"3":[16,12],"4":[20,8],"5":[8,12],"6":[20,16]},"meta":{"lastBranch":7,"lastFunction":7,"lastStatement":32,"seen":{"f:6:16:6:39":0,"b:7:2:9:Infinity:undefined:undefined:undefined:undefined":0,"s:7:2:9:Infinity":0,"s:8:4:8:Infinity":1,"s:11:18:11:Infinity":2,"f:11:28:11:29":1,"s:11:38:11:45":3,"s:13:2:20:Infinity":4,"f:28:16:28:Infinity":2,"b:32:2:34:Infinity:undefined:undefined:undefined:undefined":1,"s:32:2:34:Infinity":5,"s:33:4:33:Infinity":6,"b:36:2:39:Infinity:undefined:undefined:undefined:undefined":2,"s:36:2:39:Infinity":7,"s:38:4:38:Infinity":8,"s:41:21:41:Infinity":9,"f:41:34:41:35":3,"s:41:44:41:51":10,"s:43:2:50:Infinity":11,"f:59:16:59:Infinity":4,"s:64:4:64:Infinity":12,"s:67:14:67:Infinity":13,"s:69:15:69:Infinity":14,"s:70:16:70:Infinity":15,"b:72:2:80:Infinity:76:9:80:Infinity":3,"s:72:2:80:Infinity":16,"s:75:4:75:Infinity":17,"s:79:4:79:Infinity":18,"b:83:2:112:Infinity:undefined:undefined:undefined:undefined":4,"s:83:2:112:Infinity":19,"s:85:26:85:Infinity":20,"s:86:4:86:Infinity":21,"s:89:28:89:Infinity":22,"b:91:4:101:Infinity:undefined:undefined:undefined:undefined":5,"s:91:4:101:Infinity":23,"b:91:8:91:40:91:40:91:69":6,"s:93:6:100:Infinity":24,"s:104:4:111:Infinity":25,"s:115:2:122:Infinity":26,"f:130:16:130:37":5,"s:134:14:134:Infinity":27,"s:135:2:138:Infinity":28,"f:144:16:144:35":6,"s:150:25:150:Infinity":29,"s:151:26:151:Infinity":30,"s:153:2:157:Infinity":31}}}
,"/Users/brendanpotter/Documents/develop/Ranker/src/utils/urlEncoding.ts": {"path":"/Users/brendanpotter/Documents/develop/Ranker/src/utils/urlEncoding.ts","statementMap":{"0":{"start":{"line":7,"column":21},"end":{"line":7,"column":null}},"1":{"start":{"line":8,"column":20},"end":{"line":8,"column":null}},"2":{"start":{"line":11,"column":15},"end":{"line":11,"column":null}},"3":{"start":{"line":14,"column":2},"end":{"line":17,"column":null}},"4":{"start":{"line":19,"column":2},"end":{"line":19,"column":null}},"5":{"start":{"line":26,"column":2},"end":{"line":63,"column":null}},"6":{"start":{"line":28,"column":17},"end":{"line":30,"column":null}},"7":{"start":{"line":33,"column":4},"end":{"line":35,"column":null}},"8":{"start":{"line":34,"column":6},"end":{"line":34,"column":null}},"9":{"start":{"line":38,"column":25},"end":{"line":38,"column":null}},"10":{"start":{"line":39,"column":18},"end":{"line":39,"column":null}},"11":{"start":{"line":40,"column":4},"end":{"line":42,"column":null}},"12":{"start":{"line":40,"column":17},"end":{"line":40,"column":20}},"13":{"start":{"line":41,"column":6},"end":{"line":41,"column":null}},"14":{"start":{"line":45,"column":23},"end":{"line":45,"column":null}},"15":{"start":{"line":48,"column":20},"end":{"line":48,"column":null}},"16":{"start":{"line":51,"column":4},"end":{"line":57,"column":null}},"17":{"start":{"line":56,"column":6},"end":{"line":56,"column":null}},"18":{"start":{"line":59,"column":4},"end":{"line":59,"column":null}},"19":{"start":{"line":61,"column":4},"end":{"line":61,"column":null}},"20":{"start":{"line":62,"column":4},"end":{"line":62,"column":null}},"21":{"start":{"line":70,"column":18},"end":{"line":70,"column":null}},"22":{"start":{"line":71,"column":14},"end":{"line":71,"column":null}},"23":{"start":{"line":72,"column":2},"end":{"line":72,"column":null}},"24":{"start":{"line":73,"column":2},"end":{"line":73,"column":null}},"25":{"start":{"line":74,"column":2},"end":{"line":74,"column":null}},"26":{"start":{"line":81,"column":2},"end":{"line":81,"column":null}},"27":{"start":{"line":88,"column":28},"end":{"line":91,"column":null}},"28":{"start":{"line":88,"column":57},"end":{"line":91,"column":4}},"29":{"start":{"line":93,"column":21},"end":{"line":99,"column":null}},"30":{"start":{"line":101,"column":2},"end":{"line":105,"column":null}},"31":{"start":{"line":102,"column":4},"end":{"line":104,"column":null}},"32":{"start":{"line":103,"column":42},"end":{"line":103,"column":49}},"33":{"start":{"line":107,"column":2},"end":{"line":107,"column":null}},"34":{"start":{"line":119,"column":2},"end":{"line":128,"column":null}},"35":{"start":{"line":121,"column":4},"end":{"line":124,"column":null}},"36":{"start":{"line":122,"column":19},"end":{"line":122,"column":null}},"37":{"start":{"line":122,"column":42},"end":{"line":122,"column":53}},"38":{"start":{"line":123,"column":6},"end":{"line":123,"column":null}},"39":{"start":{"line":127,"column":4},"end":{"line":127,"column":null}},"40":{"start":{"line":127,"column":37},"end":{"line":127,"column":46}},"41":{"start":{"line":130,"column":2},"end":{"line":134,"column":null}}},"fnMap":{"0":{"name":"encodePayloadToUrl","decl":{"start":{"line":6,"column":16},"end":{"line":6,"column":35}},"loc":{"start":{"line":6,"column":66},"end":{"line":20,"column":null}},"line":6},"1":{"name":"decodePayloadFromUrl","decl":{"start":{"line":25,"column":16},"end":{"line":25,"column":37}},"loc":{"start":{"line":25,"column":79},"end":{"line":64,"column":null}},"line":25},"2":{"name":"createShareUrl","decl":{"start":{"line":69,"column":16},"end":{"line":69,"column":31}},"loc":{"start":{"line":69,"column":62},"end":{"line":75,"column":null}},"line":69},"3":{"name":"generateId","decl":{"start":{"line":80,"column":16},"end":{"line":80,"column":37}},"loc":{"start":{"line":80,"column":37},"end":{"line":82,"column":null}},"line":80},"4":{"name":"createListFromPayload","decl":{"start":{"line":87,"column":16},"end":{"line":87,"column":38}},"loc":{"start":{"line":87,"column":67},"end":{"line":108,"column":null}},"line":87},"5":{"name":"(anonymous_5)","decl":{"start":{"line":88,"column":46},"end":{"line":88,"column":47}},"loc":{"start":{"line":88,"column":57},"end":{"line":91,"column":4}},"line":88},"6":{"name":"(anonymous_6)","decl":{"start":{"line":103,"column":32},"end":{"line":103,"column":33}},"loc":{"start":{"line":103,"column":42},"end":{"line":103,"column":49}},"line":103},"7":{"name":"createPayloadFromList","decl":{"start":{"line":113,"column":16},"end":{"line":113,"column":null}},"loc":{"start":{"line":116,"column":16},"end":{"line":135,"column":null}},"line":116},"8":{"name":"(anonymous_8)","decl":{"start":{"line":121,"column":47},"end":{"line":121,"column":48}},"loc":{"start":{"line":121,"column":55},"end":{"line":124,"column":5}},"line":121},"9":{"name":"(anonymous_9)","decl":{"start":{"line":122,"column":35},"end":{"line":122,"column":36}},"loc":{"start":{"line":122,"column":42},"end":{"line":122,"column":53}},"line":122},"10":{"name":"(anonymous_10)","decl":{"start":{"line":127,"column":27},"end":{"line":127,"column":28}},"loc":{"start":{"line":127,"column":37},"end":{"line":127,"column":46}},"line":127}},"branchMap":{"0":{"loc":{"start":{"line":51,"column":4},"end":{"line":57,"column":null}},"type":"if","locations":[{"start":{"line":51,"column":4},"end":{"line":57,"column":null}},{"start":{},"end":{}}],"line":51},"1":{"loc":{"start":{"line":52,"column":6},"end":{"line":54,"column":null}},"type":"binary-expr","locations":[{"start":{"line":52,"column":6},"end":{"line":52,"column":null}},{"start":{"line":53,"column":7},"end":{"line":53,"column":38}},{"start":{"line":53,"column":38},"end":{"line":53,"column":null}},{"start":{"line":54,"column":6},"end":{"line":54,"column":null}}],"line":52},"2":{"loc":{"start":{"line":95,"column":10},"end":{"line":95,"column":null}},"type":"binary-expr","locations":[{"start":{"line":95,"column":10},"end":{"line":95,"column":26}},{"start":{"line":95,"column":26},"end":{"line":95,"column":null}}],"line":95},"3":{"loc":{"start":{"line":97,"column":12},"end":{"line":97,"column":null}},"type":"cond-expr","locations":[{"start":{"line":97,"column":40},"end":{"line":97,"column":51}},{"start":{"line":97,"column":51},"end":{"line":97,"column":null}}],"line":97},"4":{"loc":{"start":{"line":101,"column":2},"end":{"line":105,"column":null}},"type":"if","locations":[{"start":{"line":101,"column":2},"end":{"line":105,"column":null}},{"start":{},"end":{}}],"line":101},"5":{"loc":{"start":{"line":119,"column":2},"end":{"line":128,"column":null}},"type":"if","locations":[{"start":{"line":119,"column":2},"end":{"line":128,"column":null}},{"start":{"line":125,"column":9},"end":{"line":128,"column":null}}],"line":119},"6":{"loc":{"start":{"line":119,"column":6},"end":{"line":119,"column":44}},"type":"binary-expr","locations":[{"start":{"line":119,"column":6},"end":{"line":119,"column":27}},{"start":{"line":119,"column":27},"end":{"line":119,"column":44}}],"line":119},"7":{"loc":{"start":{"line":123,"column":13},"end":{"line":123,"column":null}},"type":"binary-expr","locations":[{"start":{"line":123,"column":13},"end":{"line":123,"column":27}},{"start":{"line":123,"column":27},"end":{"line":123,"column":null}}],"line":123}},"s":{"0":15,"1":15,"2":15,"3":15,"4":15,"5":15,"6":15,"7":15,"8":20,"9":15,"10":15,"11":15,"12":15,"13":1689,"14":13,"15":13,"16":13,"17":4,"18":8,"19":3,"20":3,"21":3,"22":3,"23":3,"24":3,"25":3,"26":155,"27":9,"28":16,"29":9,"30":9,"31":3,"32":8,"33":9,"34":14,"35":7,"36":19,"37":37,"38":19,"39":7,"40":12,"41":14},"f":{"0":15,"1":15,"2":3,"3":155,"4":9,"5":16,"6":8,"7":14,"8":19,"9":37,"10":12},"b":{"0":[4,9],"1":[13,10,4,9],"2":[9,1],"3":[3,6],"4":[3,6],"5":[7,7],"6":[14,7],"7":[19,1]},"meta":{"lastBranch":8,"lastFunction":11,"lastStatement":42,"seen":{"f:6:16:6:35":0,"s:7:21:7:Infinity":0,"s:8:20:8:Infinity":1,"s:11:15:11:Infinity":2,"s:14:2:17:Infinity":3,"s:19:2:19:Infinity":4,"f:25:16:25:37":1,"s:26:2:63:Infinity":5,"s:28:17:30:Infinity":6,"s:33:4:35:Infinity":7,"s:34:6:34:Infinity":8,"s:38:25:38:Infinity":9,"s:39:18:39:Infinity":10,"s:40:4:42:Infinity":11,"s:40:17:40:20":12,"s:41:6:41:Infinity":13,"s:45:23:45:Infinity":14,"s:48:20:48:Infinity":15,"b:51:4:57:Infinity:undefined:undefined:undefined:undefined":0,"s:51:4:57:Infinity":16,"b:52:6:52:Infinity:53:7:53:38:53:38:53:Infinity:54:6:54:Infinity":1,"s:56:6:56:Infinity":17,"s:59:4:59:Infinity":18,"s:61:4:61:Infinity":19,"s:62:4:62:Infinity":20,"f:69:16:69:31":2,"s:70:18:70:Infinity":21,"s:71:14:71:Infinity":22,"s:72:2:72:Infinity":23,"s:73:2:73:Infinity":24,"s:74:2:74:Infinity":25,"f:80:16:80:37":3,"s:81:2:81:Infinity":26,"f:87:16:87:38":4,"s:88:28:91:Infinity":27,"f:88:46:88:47":5,"s:88:57:91:4":28,"s:93:21:99:Infinity":29,"b:95:10:95:26:95:26:95:Infinity":2,"b:97:40:97:51:97:51:97:Infinity":3,"b:101:2:105:Infinity:undefined:undefined:undefined:undefined":4,"s:101:2:105:Infinity":30,"s:102:4:104:Infinity":31,"f:103:32:103:33":6,"s:103:42:103:49":32,"s:107:2:107:Infinity":33,"f:113:16:113:Infinity":7,"b:119:2:128:Infinity:125:9:128:Infinity":5,"s:119:2:128:Infinity":34,"b:119:6:119:27:119:27:119:44":6,"s:121:4:124:Infinity":35,"f:121:47:121:48":8,"s:122:19:122:Infinity":36,"f:122:35:122:36":9,"s:122:42:122:53":37,"s:123:6:123:Infinity":38,"b:123:13:123:27:123:27:123:Infinity":7,"s:127:4:127:Infinity":39,"f:127:27:127:28":10,"s:127:37:127:46":40,"s:130:2:134:Infinity":41}}}
}
